#
# There is insufficient memory for the Java Runtime Environment to continue.
# Native memory allocation (mmap) failed to map 133169152 bytes. Error detail: G1 virtual space
# Possible reasons:
#   The system is out of physical RAM or swap space
#   This process is running with CompressedOops enabled, and the Java Heap may be blocking the growth of the native heap
# Possible solutions:
#   Reduce memory load on the system
#   Increase physical memory or swap space
#   Check if swap backing store is full
#   Decrease Java heap size (-Xmx/-Xms)
#   Decrease number of Java threads
#   Decrease Java thread stack sizes (-Xss)
#   Set larger code cache with -XX:ReservedCodeCacheSize=
#   JVM is running with Unscaled Compressed Oops mode in which the Java heap is
#     placed in the first 4GB address space. The Java Heap base address is the
#     maximum limit for the native heap growth. Please use -XX:HeapBaseMinAddress
#     to set the Java Heap base and to place the Java Heap above 4GB virtual address.
# This output file may be truncated or incomplete.
#
#  Out of Memory Error (os_windows.cpp:3736), pid=4292, tid=31776
#
# JRE version: OpenJDK Runtime Environment Microsoft-11933218 (21.0.8+9) (build 21.0.8+9-LTS)
# Java VM: OpenJDK 64-Bit Server VM Microsoft-11933218 (21.0.8+9-LTS, mixed mode, sharing, tiered, compressed oops, compressed class ptrs, g1 gc, windows-amd64)
# No core dump will be written. Minidumps are not enabled by default on client versions of Windows
#

---------------  S U M M A R Y ------------

Command Line: -Xmx1G com.android.tools.r8.D8 --debug --min-api 21 --output obj\Debug\net10.0-android\android\bin\ --lib C:\Program Files (x86)\Android\android-sdk\platforms\android-36\android.jar obj\Debug\net10.0-android\android\bin\classes.zip C:\Program Files\dotnet\packs\Microsoft.Android.Ref.36\36.1.43\ref\net10.0\mono.android.jar C:\Program Files\dotnet\packs\Microsoft.Android.Sdk.Windows\36.1.43\tools\\java_runtime_net6.jar C:\Users\Suchithra R\.nuget\packages\xamarin.androidx.annotation.jvm\1.9.1.5\buildTransitive\net10.0-android35.0\..\..\jar\androidx.annotation.annotation-jvm.jar C:\Users\Suchithra R\.nuget\packages\xamarin.androidx.collection.jvm\1.5.0.3\buildTransitive\net10.0-android35.0\..\..\jar\androidx.collection.collection-jvm.jar C:\Users\Suchithra R\.nuget\packages\xamarin.androidx.annotation\1.9.1.5\buildTransitive\net10.0-android35.0\..\..\jar\androidx.annotation.annotation.jar C:\Users\Suchithra R\.nuget\packages\xamarin.androidx.collection\1.5.0.3\buildTransitive\net10.0-android35.0\..\..\jar\androidx.collection.collection.jar C:\Users\Suchithra R\.nuget\packages\xamarin.androidx.concurrent.futures\1.3.0.1\buildTransitive\net10.0-android35.0\..\..\jar\androidx.concurrent.concurrent-futures.jar C:\Users\Suchithra R\.nuget\packages\xamarin.androidx.lifecycle.common.jvm\2.9.2.1\buildTransitive\net10.0-android35.0\..\..\jar\androidx.lifecycle.lifecycle-common-jvm.jar C:\Users\Suchithra R\.nuget\packages\xamarin.androidx.lifecycle.common\2.9.2.1\buildTransitive\net10.0-android35.0\..\..\jar\androidx.lifecycle.lifecycle-common.jar C:\Users\Suchithra R\.nuget\packages\xamarin.androidx.arch.core.common\2.2.0.18\buildTransitive\net10.0-android35.0\..\..\jar\androidx.arch.core.core-common.jar C:\Users\Suchithra R\.nuget\packages\xamarin.androidx.resourceinspection.annotation\1.0.1.22\buildTransitive\net10.0-android35.0\..\..\jar\androidx.resourceinspection.resourceinspection-annotation.jar C:\Users\Suchithra R\.nuget\packages\xamarin.androidx.constraintlayout.core\1.1.1.3\buildTransitive\net10.0-android35.0\..\..\jar\androidx.constraintlayout.constraintlayout-core.jar C:\Users\Suchithra R\.nuget\packages\xamarin.androidx.window.windowcore.jvm\1.4.0.1\buildTransitive\net10.0-android35.0\..\..\jar\androidx.window.window-core-jvm.jar C:\Users\Suchithra R\.nuget\packages\xamarin.androidx.window.windowcore\1.4.0.1\buildTransitive\net10.0-android35.0\..\..\jar\androidx.window.window-core.jar C:\Users\Suchithra R\.nuget\packages\xamarin.androidx.collection.ktx\1.5.0.3\buildTransitive\net10.0-android35.0\..\..\jar\androidx.collection.collection-ktx.jar C:\Program Files\dotnet\packs\Microsoft.NETCore.App.Runtime.Mono.android-arm64\10.0.4\runtimes\android-arm64\native\libSystem.Security.Cryptography.Native.Android.jar obj\Debug\net10.0-android\lp\100\jl\classes.jar obj\Debug\net10.0-android\lp\101\jl\classes.jar obj\Debug\net10.0-android\lp\103\jl\classes.jar obj\Debug\net10.0-android\lp\104\jl\classes.jar obj\Debug\net10.0-android\lp\105\jl\classes.jar obj\Debug\net10.0-android\lp\106\jl\classes.jar obj\Debug\net10.0-android\lp\107\jl\classes.jar obj\Debug\net10.0-android\lp\109\jl\classes.jar obj\Debug\net10.0-android\lp\110\jl\classes.jar obj\Debug\net10.0-android\lp\111\jl\classes.jar obj\Debug\net10.0-android\lp\112\jl\classes.jar obj\Debug\net10.0-android\lp\113\jl\classes.jar obj\Debug\net10.0-android\lp\114\jl\classes.jar obj\Debug\net10.0-android\lp\115\jl\classes.jar obj\Debug\net10.0-android\lp\117\jl\classes.jar obj\Debug\net10.0-android\lp\118\jl\classes.jar obj\Debug\net10.0-android\lp\119\jl\classes.jar obj\Debug\net10.0-android\lp\121\jl\classes.jar obj\Debug\net10.0-android\lp\122\jl\classes.jar obj\Debug\net10.0-android\lp\123\jl\classes.jar obj\Debug\net10.0-android\lp\125\jl\classes.jar obj\Debug\net10.0-android\lp\126\jl\classes.jar obj\Debug\net10.0-android\lp\127\jl\classes.jar obj\Debug\net10.0-android\lp\128\jl\classes.jar obj\Debug\net10.0-android\lp\129\jl\classes.jar obj\Debug\net10.0-android\lp\130\jl\classes.jar obj\Debug\net10.0-android\lp\131\jl\classes.jar obj\Debug\net10.0-android\lp\132\jl\classes.jar obj\Debug\net10.0-android\lp\133\jl\classes.jar obj\Debug\net10.0-android\lp\133\jl\libs\repackaged.jar obj\Debug\net10.0-android\lp\134\jl\classes.jar obj\Debug\net10.0-android\lp\135\jl\classes.jar obj\Debug\net10.0-android\lp\136\jl\classes.jar obj\Debug\net10.0-android\lp\137\jl\classes.jar obj\Debug\net10.0-android\lp\138\jl\classes.jar obj\Debug\net10.0-android\lp\139\jl\classes.jar obj\Debug\net10.0-android\lp\140\jl\classes.jar obj\Debug\net10.0-android\lp\141\jl\classes.jar obj\Debug\net10.0-android\lp\142\jl\classes.jar obj\Debug\net10.0-android\lp\143\jl\classes.jar obj\Debug\net10.0-android\lp\144\jl\classes.jar obj\Debug\net10.0-android\lp\145\jl\classes.jar obj\Debug\net10.0-android\lp\146\jl\classes.jar obj\Debug\net10.0-android\lp\147\jl\classes.jar obj\Debug\net10.0-android\lp\148\jl\classes.jar obj\Debug\net10.0-android\lp\150\jl\classes.jar obj\Debug\net10.0-android\lp\151\jl\classes.jar obj\Debug\net10.0-android\lp\153\jl\classes.jar obj\Debug\net10.0-android\lp\154\jl\classes.jar obj\Debug\net10.0-android\lp\156\jl\classes.jar obj\Debug\net10.0-android\lp\157\jl\classes.jar obj\Debug\net10.0-android\lp\158\jl\classes.jar obj\Debug\net10.0-android\lp\159\jl\classes.jar obj\Debug\net10.0-android\lp\160\jl\classes.jar obj\Debug\net10.0-android\lp\161\jl\classes.jar obj\Debug\net10.0-android\lp\162\jl\classes.jar obj\Debug\net10.0-android\lp\163\jl\libs\ED64959F88B22E6D.jar obj\Debug\net10.0-android\lp\164\jl\libs\2E7FD15AFA9B216B.jar obj\Debug\net10.0-android\lp\166\jl\classes.jar obj\Debug\net10.0-android\lp\169\jl\libs\659D48BEBA477FDD.jar obj\Debug\net10.0-android\lp\170\jl\libs\95D547F40BE4687C.jar obj\Debug\net10.0-android\lp\171\jl\classes.jar obj\Debug\net10.0-android\lp\172\jl\classes.jar obj\Debug\net10.0-android\lp\173\jl\libs\F975D0960055A5E3.jar obj\Debug\net10.0-android\lp\174\jl\libs\B71CFF5D5A0B3AEB.jar obj\Debug\net10.0-android\lp\175\jl\libs\8956669C0037225B.jar obj\Debug\net10.0-android\lp\176\jl\libs\05D34BA5CA8637CF.jar obj\Debug\net10.0-android\lp\177\jl\libs\DCFB018199B59345.jar obj\Debug\net10.0-android\lp\178\jl\libs\F91D79B39A269A7E.jar obj\Debug\net10.0-android\lp\179\jl\libs\F01C7EADE990A004.jar obj\Debug\net10.0-android\lp\180\jl\libs\F6DB49E0CC905A9A.jar obj\Debug\net10.0-android\lp\181\jl\libs\A1A754E9E8693F85.jar obj\Debug\net10.0-android\lp\182\jl\libs\B7446A23346A729D.jar obj\Debug\net10.0-android\lp\183\jl\libs\623E6E29E2058512.jar --map-diagnostics warning info

Host: 13th Gen Intel(R) Core(TM) i5-1334U, 12 cores, 7G,  Windows 11 , 64 bit Build 26100 (10.0.26100.7920)
Time: Thu Apr  9 15:00:31 2026 India Standard Time elapsed time: 15.568925 seconds (0d 0h 0m 15s)

---------------  T H R E A D  ---------------

Current thread (0x000001b1caada560):  VMThread "VM Thread"          [id=31776, stack(0x0000001fe3c00000,0x0000001fe3d00000) (1024K)]

Stack: [0x0000001fe3c00000,0x0000001fe3d00000]
Native frames: (J=compiled Java code, j=interpreted, Vv=VM code, C=native code)
V  [jvm.dll+0x6e1729]
V  [jvm.dll+0x8bf47b]
V  [jvm.dll+0x8c19aa]
V  [jvm.dll+0x8c2083]
V  [jvm.dll+0x289fd6]
V  [jvm.dll+0x6de085]
V  [jvm.dll+0x6d218a]
V  [jvm.dll+0x366f6e]
V  [jvm.dll+0x36ee1b]
V  [jvm.dll+0x3c06b9]
V  [jvm.dll+0x3c095b]
V  [jvm.dll+0x33a8b7]
V  [jvm.dll+0x33a947]
V  [jvm.dll+0x37f68c]
V  [jvm.dll+0x37de6e]
V  [jvm.dll+0x33a011]
V  [jvm.dll+0x37d4da]
V  [jvm.dll+0x8c7def]
V  [jvm.dll+0x8c92fc]
V  [jvm.dll+0x8c9874]
V  [jvm.dll+0x8c9973]
V  [jvm.dll+0x86975d]
V  [jvm.dll+0x6dff2d]
C  [ucrtbase.dll+0x37b0]
C  [KERNEL32.DLL+0x2e8d7]
C  [ntdll.dll+0x8c48c]

VM_Operation (0x0000001fe58fe940): G1CollectForAllocation, mode: safepoint, requested by thread 0x000001b1caf54270


---------------  P R O C E S S  ---------------

Threads class SMR info:
_java_thread_list=0x000001b21080a6e0, length=23, elements={
0x000001b1aca049f0, 0x000001b1caafaf00, 0x000001b1cab00790, 0x000001b1cab02d90,
0x000001b1cab037e0, 0x000001b1cab04230, 0x000001b1cab04c80, 0x000001b1cab07440,
0x000001b1cab0c640, 0x000001b1cacee7a0, 0x000001b1cacf9800, 0x000001b210346e90,
0x000001b21084ac90, 0x000001b21084b2f0, 0x000001b21084b950, 0x000001b1cade34d0,
0x000001b1cade5b40, 0x000001b21071f760, 0x000001b21071fdc0, 0x000001b1caf51b10,
0x000001b1caf521a0, 0x000001b1caf52830, 0x000001b1caf54270
}

Java Threads: ( => current thread )
  0x000001b1aca049f0 JavaThread "main"                              [_thread_blocked, id=2844, stack(0x0000001fe3500000,0x0000001fe3600000) (1024K)]
  0x000001b1caafaf00 JavaThread "Reference Handler"          daemon [_thread_blocked, id=20232, stack(0x0000001fe3d00000,0x0000001fe3e00000) (1024K)]
  0x000001b1cab00790 JavaThread "Finalizer"                  daemon [_thread_blocked, id=28456, stack(0x0000001fe3e00000,0x0000001fe3f00000) (1024K)]
  0x000001b1cab02d90 JavaThread "Signal Dispatcher"          daemon [_thread_blocked, id=29200, stack(0x0000001fe3f00000,0x0000001fe4000000) (1024K)]
  0x000001b1cab037e0 JavaThread "Attach Listener"            daemon [_thread_blocked, id=25648, stack(0x0000001fe4000000,0x0000001fe4100000) (1024K)]
  0x000001b1cab04230 JavaThread "Service Thread"             daemon [_thread_blocked, id=26572, stack(0x0000001fe4100000,0x0000001fe4200000) (1024K)]
  0x000001b1cab04c80 JavaThread "Monitor Deflation Thread"   daemon [_thread_blocked, id=39452, stack(0x0000001fe4200000,0x0000001fe4300000) (1024K)]
  0x000001b1cab07440 JavaThread "C2 CompilerThread0"         daemon [_thread_blocked, id=26972, stack(0x0000001fe4300000,0x0000001fe4400000) (1024K)]
  0x000001b1cab0c640 JavaThread "C1 CompilerThread0"         daemon [_thread_blocked, id=14456, stack(0x0000001fe4400000,0x0000001fe4500000) (1024K)]
  0x000001b1cacee7a0 JavaThread "Notification Thread"        daemon [_thread_blocked, id=32052, stack(0x0000001fe4500000,0x0000001fe4600000) (1024K)]
  0x000001b1cacf9800 JavaThread "Common-Cleaner"             daemon [_thread_blocked, id=17264, stack(0x0000001fe4600000,0x0000001fe4700000) (1024K)]
  0x000001b210346e90 JavaThread "ForkJoinPool-1-worker-1"    daemon [_thread_blocked, id=3924, stack(0x0000001fe4d00000,0x0000001fe4e00000) (1024K)]
  0x000001b21084ac90 JavaThread "ForkJoinPool-1-worker-2"    daemon [_thread_blocked, id=19748, stack(0x0000001fe4e00000,0x0000001fe4f00000) (1024K)]
  0x000001b21084b2f0 JavaThread "ForkJoinPool-1-worker-3"    daemon [_thread_blocked, id=40844, stack(0x0000001fe4f00000,0x0000001fe5000000) (1024K)]
  0x000001b21084b950 JavaThread "ForkJoinPool-1-worker-4"    daemon [_thread_blocked, id=36808, stack(0x0000001fe5000000,0x0000001fe5100000) (1024K)]
  0x000001b1cade34d0 JavaThread "ForkJoinPool-1-worker-5"    daemon [_thread_blocked, id=39700, stack(0x0000001fe5100000,0x0000001fe5200000) (1024K)]
  0x000001b1cade5b40 JavaThread "ForkJoinPool-1-worker-6"    daemon [_thread_blocked, id=33828, stack(0x0000001fe5200000,0x0000001fe5300000) (1024K)]
  0x000001b21071f760 JavaThread "ForkJoinPool-1-worker-7"    daemon [_thread_blocked, id=38904, stack(0x0000001fe5300000,0x0000001fe5400000) (1024K)]
  0x000001b21071fdc0 JavaThread "ForkJoinPool-1-worker-8"    daemon [_thread_blocked, id=21168, stack(0x0000001fe5400000,0x0000001fe5500000) (1024K)]
  0x000001b1caf51b10 JavaThread "ForkJoinPool-1-worker-9"    daemon [_thread_blocked, id=30428, stack(0x0000001fe5500000,0x0000001fe5600000) (1024K)]
  0x000001b1caf521a0 JavaThread "ForkJoinPool-1-worker-10"   daemon [_thread_blocked, id=37988, stack(0x0000001fe5600000,0x0000001fe5700000) (1024K)]
  0x000001b1caf52830 JavaThread "ForkJoinPool-1-worker-11"   daemon [_thread_blocked, id=32296, stack(0x0000001fe5700000,0x0000001fe5800000) (1024K)]
  0x000001b1caf54270 JavaThread "ForkJoinPool-1-worker-12"   daemon [_thread_blocked, id=20868, stack(0x0000001fe5800000,0x0000001fe5900000) (1024K)]
Total: 23

Other Threads:
=>0x000001b1caada560 VMThread "VM Thread"                           [id=31776, stack(0x0000001fe3c00000,0x0000001fe3d00000) (1024K)]
  0x000001b1caac5210 WatcherThread "VM Periodic Task Thread"        [id=32220, stack(0x0000001fe3b00000,0x0000001fe3c00000) (1024K)]
  0x000001b1aeea48a0 WorkerThread "GC Thread#0"                     [id=39484, stack(0x0000001fe3600000,0x0000001fe3700000) (1024K)]
  0x000001b210381fe0 WorkerThread "GC Thread#1"                     [id=36664, stack(0x0000001fe4700000,0x0000001fe4800000) (1024K)]
  0x000001b2102107f0 WorkerThread "GC Thread#2"                     [id=34444, stack(0x0000001fe4800000,0x0000001fe4900000) (1024K)]
  0x000001b210210b90 WorkerThread "GC Thread#3"                     [id=35644, stack(0x0000001fe4900000,0x0000001fe4a00000) (1024K)]
  0x000001b21031b010 WorkerThread "GC Thread#4"                     [id=17940, stack(0x0000001fe4a00000,0x0000001fe4b00000) (1024K)]
  0x000001b210820900 WorkerThread "GC Thread#5"                     [id=33204, stack(0x0000001fe4b00000,0x0000001fe4c00000) (1024K)]
  0x000001b2107f1ff0 WorkerThread "GC Thread#6"                     [id=23720, stack(0x0000001fe4c00000,0x0000001fe4d00000) (1024K)]
  0x000001b21036f1c0 WorkerThread "GC Thread#7"                     [id=34180, stack(0x0000001fe5900000,0x0000001fe5a00000) (1024K)]
  0x000001b1aeead790 ConcurrentGCThread "G1 Main Marker"            [id=36004, stack(0x0000001fe3700000,0x0000001fe3800000) (1024K)]
  0x000001b1aeeaf1b0 WorkerThread "G1 Conc#0"                       [id=23132, stack(0x0000001fe3800000,0x0000001fe3900000) (1024K)]
  0x000001b21036dfa0 WorkerThread "G1 Conc#1"                       [id=18192, stack(0x0000001fe5a00000,0x0000001fe5b00000) (1024K)]
  0x000001b21036f560 WorkerThread "G1 Conc#2"                       [id=10248, stack(0x0000001fe5b00000,0x0000001fe5c00000) (1024K)]
  0x000001b1aef1e510 ConcurrentGCThread "G1 Refine#0"               [id=29300, stack(0x0000001fe3900000,0x0000001fe3a00000) (1024K)]
  0x000001b1ca997ca0 ConcurrentGCThread "G1 Service"                [id=10688, stack(0x0000001fe3a00000,0x0000001fe3b00000) (1024K)]
Total: 16

Threads with active compile tasks:
C2 CompilerThread0  15700 2162       4       com.android.tools.r8.internal.de::a (4509 bytes)
C1 CompilerThread0  15700 2224   !   3       java.util.concurrent.ConcurrentHashMap::computeIfAbsent (576 bytes)
Total: 2

VM state: at safepoint (normal execution)

VM Mutex/Monitor currently owned by a thread:  ([mutex/lock_event])
[0x00007ffba2eea7c8] Threads_lock - owner thread: 0x000001b1caada560
[0x00007ffba2eea8c8] Heap_lock - owner thread: 0x000001b1caf54270

Heap address: 0x00000000c0000000, size: 1024 MB, Compressed Oops mode: 32-bit

CDS archive(s) mapped at: [0x000001b1cb000000-0x000001b1cbc80000-0x000001b1cbc80000), size 13107200, SharedBaseAddress: 0x000001b1cb000000, ArchiveRelocationMode: 1.
Compressed class space mapped at: 0x000001b1cc000000-0x000001b20c000000, reserved size: 1073741824
Narrow klass base: 0x000001b1cb000000, Narrow klass shift: 0, Narrow klass range: 0x100000000

GC Precious Log:
 CardTable entry size: 512
 Card Set container configuration: InlinePtr #cards 5 size 8 Array Of Cards #cards 12 size 40 Howl #buckets 4 coarsen threshold 1843 Howl Bitmap #cards 512 size 80 coarsen threshold 460 Card regions per heap region 1 cards per card region 2048
 CPUs: 12 total, 12 available
 Memory: 7876M
 Large Page Support: Disabled
 NUMA Support: Disabled
 Compressed Oops: Enabled (32-bit)
 Heap Region Size: 1M
 Heap Min Capacity: 8M
 Heap Initial Capacity: 124M
 Heap Max Capacity: 1G
 Pre-touch: Disabled
 Parallel Workers: 10
 Concurrent Workers: 3
 Concurrent Refinement Workers: 10
 Periodic GC: Disabled

Heap:
 garbage-first heap   total 135168K, used 101296K [0x00000000c0000000, 0x0000000100000000)
  region size 1024K, 4 young (4096K), 4 survivors (4096K)
 Metaspace       used 7843K, committed 8128K, reserved 1114112K
  class space    used 965K, committed 1088K, reserved 1048576K

Heap Regions: E=young(eden), S=young(survivor), O=old, HS=humongous(starts), HC=humongous(continues), CS=collection set, F=free, TAMS=top-at-mark-start, PB=parsable bottom
|   0|0x00000000c0000000, 0x00000000c0100000, 0x00000000c0100000|100%|HS|  |TAMS 0x00000000c0100000| PB 0x00000000c0000000| Complete 
|   1|0x00000000c0100000, 0x00000000c0200000, 0x00000000c0200000|100%| O|  |TAMS 0x00000000c0200000| PB 0x00000000c0100000| Untracked 
|   2|0x00000000c0200000, 0x00000000c0300000, 0x00000000c0300000|100%| O|  |TAMS 0x00000000c0300000| PB 0x00000000c0200000| Untracked 
|   3|0x00000000c0300000, 0x00000000c0400000, 0x00000000c0400000|100%| O|  |TAMS 0x00000000c0400000| PB 0x00000000c0300000| Untracked 
|   4|0x00000000c0400000, 0x00000000c0500000, 0x00000000c0500000|100%| O|  |TAMS 0x00000000c0500000| PB 0x00000000c0400000| Untracked 
|   5|0x00000000c0500000, 0x00000000c0600000, 0x00000000c0600000|100%| O|  |TAMS 0x00000000c0600000| PB 0x00000000c0500000| Untracked 
|   6|0x00000000c0600000, 0x00000000c0700000, 0x00000000c0700000|100%|HS|  |TAMS 0x00000000c0700000| PB 0x00000000c0600000| Complete 
|   7|0x00000000c0700000, 0x00000000c0800000, 0x00000000c0800000|100%|HC|  |TAMS 0x00000000c0800000| PB 0x00000000c0700000| Complete 
|   8|0x00000000c0800000, 0x00000000c0900000, 0x00000000c0900000|100%| O|  |TAMS 0x00000000c0900000| PB 0x00000000c0800000| Untracked 
|   9|0x00000000c0900000, 0x00000000c0a00000, 0x00000000c0a00000|100%| O|  |TAMS 0x00000000c0a00000| PB 0x00000000c0900000| Untracked 
|  10|0x00000000c0a00000, 0x00000000c0b00000, 0x00000000c0b00000|100%| O|  |TAMS 0x00000000c0b00000| PB 0x00000000c0a00000| Untracked 
|  11|0x00000000c0b00000, 0x00000000c0c00000, 0x00000000c0c00000|100%| O|  |TAMS 0x00000000c0c00000| PB 0x00000000c0b00000| Untracked 
|  12|0x00000000c0c00000, 0x00000000c0d00000, 0x00000000c0d00000|100%| O|  |TAMS 0x00000000c0d00000| PB 0x00000000c0c00000| Untracked 
|  13|0x00000000c0d00000, 0x00000000c0e00000, 0x00000000c0e00000|100%| O|  |TAMS 0x00000000c0e00000| PB 0x00000000c0d00000| Untracked 
|  14|0x00000000c0e00000, 0x00000000c0f00000, 0x00000000c0f00000|100%| O|  |TAMS 0x00000000c0f00000| PB 0x00000000c0e00000| Untracked 
|  15|0x00000000c0f00000, 0x00000000c1000000, 0x00000000c1000000|100%| O|  |TAMS 0x00000000c1000000| PB 0x00000000c0f00000| Untracked 
|  16|0x00000000c1000000, 0x00000000c1100000, 0x00000000c1100000|100%| O|  |TAMS 0x00000000c1100000| PB 0x00000000c1000000| Untracked 
|  17|0x00000000c1100000, 0x00000000c1200000, 0x00000000c1200000|100%| O|  |TAMS 0x00000000c1200000| PB 0x00000000c1100000| Untracked 
|  18|0x00000000c1200000, 0x00000000c1300000, 0x00000000c1300000|100%| O|  |TAMS 0x00000000c1300000| PB 0x00000000c1200000| Untracked 
|  19|0x00000000c1300000, 0x00000000c1400000, 0x00000000c1400000|100%| O|  |TAMS 0x00000000c1400000| PB 0x00000000c1300000| Untracked 
|  20|0x00000000c1400000, 0x00000000c1500000, 0x00000000c1500000|100%| O|  |TAMS 0x00000000c1500000| PB 0x00000000c1400000| Untracked 
|  21|0x00000000c1500000, 0x00000000c1600000, 0x00000000c1600000|100%| O|  |TAMS 0x00000000c1600000| PB 0x00000000c1500000| Untracked 
|  22|0x00000000c1600000, 0x00000000c1700000, 0x00000000c1700000|100%| O|  |TAMS 0x00000000c1700000| PB 0x00000000c1600000| Untracked 
|  23|0x00000000c1700000, 0x00000000c1800000, 0x00000000c1800000|100%| O|  |TAMS 0x00000000c1800000| PB 0x00000000c1700000| Untracked 
|  24|0x00000000c1800000, 0x00000000c1900000, 0x00000000c1900000|100%| O|  |TAMS 0x00000000c1900000| PB 0x00000000c1800000| Untracked 
|  25|0x00000000c1900000, 0x00000000c1a00000, 0x00000000c1a00000|100%| O|  |TAMS 0x00000000c1a00000| PB 0x00000000c1900000| Untracked 
|  26|0x00000000c1a00000, 0x00000000c1b00000, 0x00000000c1b00000|100%| O|  |TAMS 0x00000000c1b00000| PB 0x00000000c1a00000| Untracked 
|  27|0x00000000c1b00000, 0x00000000c1c00000, 0x00000000c1c00000|100%| O|  |TAMS 0x00000000c1c00000| PB 0x00000000c1b00000| Untracked 
|  28|0x00000000c1c00000, 0x00000000c1d00000, 0x00000000c1d00000|100%| O|  |TAMS 0x00000000c1d00000| PB 0x00000000c1c00000| Untracked 
|  29|0x00000000c1d00000, 0x00000000c1e00000, 0x00000000c1e00000|100%| O|  |TAMS 0x00000000c1e00000| PB 0x00000000c1d00000| Untracked 
|  30|0x00000000c1e00000, 0x00000000c1f00000, 0x00000000c1f00000|100%| O|  |TAMS 0x00000000c1f00000| PB 0x00000000c1e00000| Untracked 
|  31|0x00000000c1f00000, 0x00000000c2000000, 0x00000000c2000000|100%| O|  |TAMS 0x00000000c2000000| PB 0x00000000c1f00000| Untracked 
|  32|0x00000000c2000000, 0x00000000c2100000, 0x00000000c2100000|100%| O|  |TAMS 0x00000000c2100000| PB 0x00000000c2000000| Untracked 
|  33|0x00000000c2100000, 0x00000000c2200000, 0x00000000c2200000|100%| O|  |TAMS 0x00000000c2200000| PB 0x00000000c2100000| Untracked 
|  34|0x00000000c2200000, 0x00000000c2300000, 0x00000000c2300000|100%| O|  |TAMS 0x00000000c2300000| PB 0x00000000c2200000| Untracked 
|  35|0x00000000c2300000, 0x00000000c2400000, 0x00000000c2400000|100%| O|  |TAMS 0x00000000c2400000| PB 0x00000000c2300000| Untracked 
|  36|0x00000000c2400000, 0x00000000c2500000, 0x00000000c2500000|100%| O|  |TAMS 0x00000000c2500000| PB 0x00000000c2400000| Untracked 
|  37|0x00000000c2500000, 0x00000000c2600000, 0x00000000c2600000|100%| O|  |TAMS 0x00000000c2600000| PB 0x00000000c2500000| Untracked 
|  38|0x00000000c2600000, 0x00000000c2700000, 0x00000000c2700000|100%| O|  |TAMS 0x00000000c2700000| PB 0x00000000c2600000| Untracked 
|  39|0x00000000c2700000, 0x00000000c2800000, 0x00000000c2800000|100%| O|  |TAMS 0x00000000c2800000| PB 0x00000000c2700000| Untracked 
|  40|0x00000000c2800000, 0x00000000c2900000, 0x00000000c2900000|100%| O|  |TAMS 0x00000000c2900000| PB 0x00000000c2800000| Untracked 
|  41|0x00000000c2900000, 0x00000000c2a00000, 0x00000000c2a00000|100%| O|  |TAMS 0x00000000c2a00000| PB 0x00000000c2900000| Untracked 
|  42|0x00000000c2a00000, 0x00000000c2b00000, 0x00000000c2b00000|100%| O|  |TAMS 0x00000000c2b00000| PB 0x00000000c2a00000| Untracked 
|  43|0x00000000c2b00000, 0x00000000c2c00000, 0x00000000c2c00000|100%|HS|  |TAMS 0x00000000c2c00000| PB 0x00000000c2b00000| Complete 
|  44|0x00000000c2c00000, 0x00000000c2d00000, 0x00000000c2d00000|100%| O|  |TAMS 0x00000000c2d00000| PB 0x00000000c2c00000| Untracked 
|  45|0x00000000c2d00000, 0x00000000c2e00000, 0x00000000c2e00000|100%| O|  |TAMS 0x00000000c2e00000| PB 0x00000000c2d00000| Untracked 
|  46|0x00000000c2e00000, 0x00000000c2f00000, 0x00000000c2f00000|100%| O|  |TAMS 0x00000000c2f00000| PB 0x00000000c2e00000| Untracked 
|  47|0x00000000c2f00000, 0x00000000c3000000, 0x00000000c3000000|100%| O|  |TAMS 0x00000000c3000000| PB 0x00000000c2f00000| Untracked 
|  48|0x00000000c3000000, 0x00000000c3100000, 0x00000000c3100000|100%| O|  |TAMS 0x00000000c3100000| PB 0x00000000c3000000| Untracked 
|  49|0x00000000c3100000, 0x00000000c3200000, 0x00000000c3200000|100%| O|  |TAMS 0x00000000c3200000| PB 0x00000000c3100000| Untracked 
|  50|0x00000000c3200000, 0x00000000c3300000, 0x00000000c3300000|100%| O|  |TAMS 0x00000000c3300000| PB 0x00000000c3200000| Untracked 
|  51|0x00000000c3300000, 0x00000000c3400000, 0x00000000c3400000|100%| O|  |TAMS 0x00000000c3400000| PB 0x00000000c3300000| Untracked 
|  52|0x00000000c3400000, 0x00000000c3500000, 0x00000000c3500000|100%| O|  |TAMS 0x00000000c3500000| PB 0x00000000c3400000| Untracked 
|  53|0x00000000c3500000, 0x00000000c3600000, 0x00000000c3600000|100%| O|  |TAMS 0x00000000c3600000| PB 0x00000000c3500000| Untracked 
|  54|0x00000000c3600000, 0x00000000c3700000, 0x00000000c3700000|100%| O|  |TAMS 0x00000000c3600000| PB 0x00000000c3600000| Untracked 
|  55|0x00000000c3700000, 0x00000000c3800000, 0x00000000c3800000|100%| O|  |TAMS 0x00000000c3800000| PB 0x00000000c3700000| Untracked 
|  56|0x00000000c3800000, 0x00000000c3900000, 0x00000000c3900000|100%| O|  |TAMS 0x00000000c3900000| PB 0x00000000c3800000| Untracked 
|  57|0x00000000c3900000, 0x00000000c3a00000, 0x00000000c3a00000|100%| O|  |TAMS 0x00000000c3a00000| PB 0x00000000c3900000| Untracked 
|  58|0x00000000c3a00000, 0x00000000c3b00000, 0x00000000c3b00000|100%| O|  |TAMS 0x00000000c3b00000| PB 0x00000000c3a00000| Untracked 
|  59|0x00000000c3b00000, 0x00000000c3c00000, 0x00000000c3c00000|100%| O|  |TAMS 0x00000000c3c00000| PB 0x00000000c3b00000| Untracked 
|  60|0x00000000c3c00000, 0x00000000c3d00000, 0x00000000c3d00000|100%| O|  |TAMS 0x00000000c3d00000| PB 0x00000000c3c00000| Untracked 
|  61|0x00000000c3d00000, 0x00000000c3e00000, 0x00000000c3e00000|100%| O|  |TAMS 0x00000000c3e00000| PB 0x00000000c3d00000| Untracked 
|  62|0x00000000c3e00000, 0x00000000c3f00000, 0x00000000c3f00000|100%| O|  |TAMS 0x00000000c3f00000| PB 0x00000000c3e00000| Untracked 
|  63|0x00000000c3f00000, 0x00000000c4000000, 0x00000000c4000000|100%| O|  |TAMS 0x00000000c4000000| PB 0x00000000c3f00000| Untracked 
|  64|0x00000000c4000000, 0x00000000c4100000, 0x00000000c4100000|100%| O|  |TAMS 0x00000000c4100000| PB 0x00000000c4000000| Untracked 
|  65|0x00000000c4100000, 0x00000000c4200000, 0x00000000c4200000|100%| O|  |TAMS 0x00000000c4200000| PB 0x00000000c4100000| Untracked 
|  66|0x00000000c4200000, 0x00000000c4300000, 0x00000000c4300000|100%| O|  |TAMS 0x00000000c4300000| PB 0x00000000c4200000| Untracked 
|  67|0x00000000c4300000, 0x00000000c4400000, 0x00000000c4400000|100%| O|  |TAMS 0x00000000c4400000| PB 0x00000000c4300000| Untracked 
|  68|0x00000000c4400000, 0x00000000c4500000, 0x00000000c4500000|100%| O|  |TAMS 0x00000000c4500000| PB 0x00000000c4400000| Untracked 
|  69|0x00000000c4500000, 0x00000000c4600000, 0x00000000c4600000|100%| O|  |TAMS 0x00000000c4600000| PB 0x00000000c4500000| Untracked 
|  70|0x00000000c4600000, 0x00000000c4700000, 0x00000000c4700000|100%| O|  |TAMS 0x00000000c4700000| PB 0x00000000c4600000| Untracked 
|  71|0x00000000c4700000, 0x00000000c4800000, 0x00000000c4800000|100%| O|  |TAMS 0x00000000c4800000| PB 0x00000000c4700000| Untracked 
|  72|0x00000000c4800000, 0x00000000c4900000, 0x00000000c4900000|100%| O|  |TAMS 0x00000000c4900000| PB 0x00000000c4800000| Untracked 
|  73|0x00000000c4900000, 0x00000000c4a00000, 0x00000000c4a00000|100%| O|  |TAMS 0x00000000c4a00000| PB 0x00000000c4900000| Untracked 
|  74|0x00000000c4a00000, 0x00000000c4b00000, 0x00000000c4b00000|100%| O|  |TAMS 0x00000000c4b00000| PB 0x00000000c4a00000| Untracked 
|  75|0x00000000c4b00000, 0x00000000c4c00000, 0x00000000c4c00000|100%| O|  |TAMS 0x00000000c4c00000| PB 0x00000000c4b00000| Untracked 
|  76|0x00000000c4c00000, 0x00000000c4d00000, 0x00000000c4d00000|100%| O|  |TAMS 0x00000000c4d00000| PB 0x00000000c4c00000| Untracked 
|  77|0x00000000c4d00000, 0x00000000c4e00000, 0x00000000c4e00000|100%| O|  |TAMS 0x00000000c4e00000| PB 0x00000000c4d00000| Untracked 
|  78|0x00000000c4e00000, 0x00000000c4f00000, 0x00000000c4f00000|100%| O|  |TAMS 0x00000000c4f00000| PB 0x00000000c4e00000| Untracked 
|  79|0x00000000c4f00000, 0x00000000c5000000, 0x00000000c5000000|100%| O|  |TAMS 0x00000000c5000000| PB 0x00000000c4f00000| Untracked 
|  80|0x00000000c5000000, 0x00000000c5100000, 0x00000000c5100000|100%| O|  |TAMS 0x00000000c5100000| PB 0x00000000c5000000| Untracked 
|  81|0x00000000c5100000, 0x00000000c5200000, 0x00000000c5200000|100%| O|  |TAMS 0x00000000c5200000| PB 0x00000000c5100000| Untracked 
|  82|0x00000000c5200000, 0x00000000c5300000, 0x00000000c5300000|100%| O|  |TAMS 0x00000000c5300000| PB 0x00000000c5200000| Untracked 
|  83|0x00000000c5300000, 0x00000000c5400000, 0x00000000c5400000|100%| O|  |TAMS 0x00000000c5400000| PB 0x00000000c5300000| Untracked 
|  84|0x00000000c5400000, 0x00000000c5500000, 0x00000000c5500000|100%| O|  |TAMS 0x00000000c5500000| PB 0x00000000c5400000| Untracked 
|  85|0x00000000c5500000, 0x00000000c5600000, 0x00000000c5600000|100%| O|  |TAMS 0x00000000c5600000| PB 0x00000000c5500000| Untracked 
|  86|0x00000000c5600000, 0x00000000c5700000, 0x00000000c5700000|100%| O|  |TAMS 0x00000000c5700000| PB 0x00000000c5600000| Untracked 
|  87|0x00000000c5700000, 0x00000000c5800000, 0x00000000c5800000|100%| O|  |TAMS 0x00000000c5800000| PB 0x00000000c5700000| Untracked 
|  88|0x00000000c5800000, 0x00000000c5900000, 0x00000000c5900000|100%| O|  |TAMS 0x00000000c5900000| PB 0x00000000c5800000| Untracked 
|  89|0x00000000c5900000, 0x00000000c5a00000, 0x00000000c5a00000|100%| O|  |TAMS 0x00000000c59fd758| PB 0x00000000c5900000| Untracked 
|  90|0x00000000c5a00000, 0x00000000c5b00000, 0x00000000c5b00000|100%| O|  |TAMS 0x00000000c5a00000| PB 0x00000000c5a00000| Untracked 
|  91|0x00000000c5b00000, 0x00000000c5c00000, 0x00000000c5c00000|100%| O|  |TAMS 0x00000000c5b00000| PB 0x00000000c5b00000| Untracked 
|  92|0x00000000c5c00000, 0x00000000c5d00000, 0x00000000c5d00000|100%| O|  |TAMS 0x00000000c5c00000| PB 0x00000000c5c00000| Untracked 
|  93|0x00000000c5d00000, 0x00000000c5e00000, 0x00000000c5e00000|100%| O|  |TAMS 0x00000000c5d00000| PB 0x00000000c5d00000| Untracked 
|  94|0x00000000c5e00000, 0x00000000c5eec020, 0x00000000c5f00000| 92%| O|  |TAMS 0x00000000c5e00000| PB 0x00000000c5e00000| Untracked 
|  95|0x00000000c5f00000, 0x00000000c5f00000, 0x00000000c6000000|  0%| F|  |TAMS 0x00000000c5f00000| PB 0x00000000c5f00000| Untracked 
|  96|0x00000000c6000000, 0x00000000c6000000, 0x00000000c6100000|  0%| F|  |TAMS 0x00000000c6000000| PB 0x00000000c6000000| Untracked 
|  97|0x00000000c6100000, 0x00000000c6100000, 0x00000000c6200000|  0%| F|  |TAMS 0x00000000c6100000| PB 0x00000000c6100000| Untracked 
|  98|0x00000000c6200000, 0x00000000c6200000, 0x00000000c6300000|  0%| F|  |TAMS 0x00000000c6200000| PB 0x00000000c6200000| Untracked 
|  99|0x00000000c6300000, 0x00000000c6300000, 0x00000000c6400000|  0%| F|  |TAMS 0x00000000c6300000| PB 0x00000000c6300000| Untracked 
| 100|0x00000000c6400000, 0x00000000c6400000, 0x00000000c6500000|  0%| F|  |TAMS 0x00000000c6400000| PB 0x00000000c6400000| Untracked 
| 101|0x00000000c6500000, 0x00000000c6500000, 0x00000000c6600000|  0%| F|  |TAMS 0x00000000c6500000| PB 0x00000000c6500000| Untracked 
| 102|0x00000000c6600000, 0x00000000c6600000, 0x00000000c6700000|  0%| F|  |TAMS 0x00000000c6600000| PB 0x00000000c6600000| Untracked 
| 103|0x00000000c6700000, 0x00000000c6700000, 0x00000000c6800000|  0%| F|  |TAMS 0x00000000c6700000| PB 0x00000000c6700000| Untracked 
| 104|0x00000000c6800000, 0x00000000c6800000, 0x00000000c6900000|  0%| F|  |TAMS 0x00000000c6800000| PB 0x00000000c6800000| Untracked 
| 105|0x00000000c6900000, 0x00000000c6a00000, 0x00000000c6a00000|100%| S|CS|TAMS 0x00000000c6900000| PB 0x00000000c6900000| Complete 
| 106|0x00000000c6a00000, 0x00000000c6b00000, 0x00000000c6b00000|100%| S|CS|TAMS 0x00000000c6a00000| PB 0x00000000c6a00000| Complete 
| 107|0x00000000c6b00000, 0x00000000c6c00000, 0x00000000c6c00000|100%| S|CS|TAMS 0x00000000c6b00000| PB 0x00000000c6b00000| Complete 
| 108|0x00000000c6c00000, 0x00000000c6d00000, 0x00000000c6d00000|100%| S|CS|TAMS 0x00000000c6c00000| PB 0x00000000c6c00000| Complete 
| 109|0x00000000c6d00000, 0x00000000c6d00000, 0x00000000c6e00000|  0%| F|  |TAMS 0x00000000c6d00000| PB 0x00000000c6d00000| Untracked 
| 110|0x00000000c6e00000, 0x00000000c6e00000, 0x00000000c6f00000|  0%| F|  |TAMS 0x00000000c6e00000| PB 0x00000000c6e00000| Untracked 
| 111|0x00000000c6f00000, 0x00000000c6f00000, 0x00000000c7000000|  0%| F|  |TAMS 0x00000000c6f00000| PB 0x00000000c6f00000| Untracked 
| 112|0x00000000c7000000, 0x00000000c7000000, 0x00000000c7100000|  0%| F|  |TAMS 0x00000000c7000000| PB 0x00000000c7000000| Untracked 
| 113|0x00000000c7100000, 0x00000000c7100000, 0x00000000c7200000|  0%| F|  |TAMS 0x00000000c7100000| PB 0x00000000c7100000| Untracked 
| 114|0x00000000c7200000, 0x00000000c7200000, 0x00000000c7300000|  0%| F|  |TAMS 0x00000000c7200000| PB 0x00000000c7200000| Untracked 
| 115|0x00000000c7300000, 0x00000000c7300000, 0x00000000c7400000|  0%| F|  |TAMS 0x00000000c7300000| PB 0x00000000c7300000| Untracked 
| 116|0x00000000c7400000, 0x00000000c7400000, 0x00000000c7500000|  0%| F|  |TAMS 0x00000000c7400000| PB 0x00000000c7400000| Untracked 
| 117|0x00000000c7500000, 0x00000000c7500000, 0x00000000c7600000|  0%| F|  |TAMS 0x00000000c7500000| PB 0x00000000c7500000| Untracked 
| 118|0x00000000c7600000, 0x00000000c7600000, 0x00000000c7700000|  0%| F|  |TAMS 0x00000000c7600000| PB 0x00000000c7600000| Untracked 
| 119|0x00000000c7700000, 0x00000000c7700000, 0x00000000c7800000|  0%| F|  |TAMS 0x00000000c7700000| PB 0x00000000c7700000| Untracked 
| 120|0x00000000c7800000, 0x00000000c7800000, 0x00000000c7900000|  0%| F|  |TAMS 0x00000000c7800000| PB 0x00000000c7800000| Untracked 
| 121|0x00000000c7900000, 0x00000000c7900000, 0x00000000c7a00000|  0%| F|  |TAMS 0x00000000c7900000| PB 0x00000000c7900000| Untracked 
| 122|0x00000000c7a00000, 0x00000000c7a00000, 0x00000000c7b00000|  0%| F|  |TAMS 0x00000000c7a00000| PB 0x00000000c7a00000| Untracked 
| 123|0x00000000c7b00000, 0x00000000c7b00000, 0x00000000c7c00000|  0%| F|  |TAMS 0x00000000c7b00000| PB 0x00000000c7b00000| Untracked 
| 124|0x00000000c7c00000, 0x00000000c7c00000, 0x00000000c7d00000|  0%| F|  |TAMS 0x00000000c7c00000| PB 0x00000000c7c00000| Untracked 
| 125|0x00000000c7d00000, 0x00000000c7d00000, 0x00000000c7e00000|  0%| F|  |TAMS 0x00000000c7d00000| PB 0x00000000c7d00000| Untracked 
| 126|0x00000000c7e00000, 0x00000000c7e00000, 0x00000000c7f00000|  0%| F|  |TAMS 0x00000000c7e00000| PB 0x00000000c7e00000| Untracked 
| 127|0x00000000c7f00000, 0x00000000c7f00000, 0x00000000c8000000|  0%| F|  |TAMS 0x00000000c7f00000| PB 0x00000000c7f00000| Untracked 
| 128|0x00000000c8000000, 0x00000000c8000000, 0x00000000c8100000|  0%| F|  |TAMS 0x00000000c8000000| PB 0x00000000c8000000| Untracked 
| 129|0x00000000c8100000, 0x00000000c8100000, 0x00000000c8200000|  0%| F|  |TAMS 0x00000000c8100000| PB 0x00000000c8100000| Untracked 
| 130|0x00000000c8200000, 0x00000000c8200000, 0x00000000c8300000|  0%| F|  |TAMS 0x00000000c8200000| PB 0x00000000c8200000| Untracked 
| 131|0x00000000c8300000, 0x00000000c8300000, 0x00000000c8400000|  0%| F|  |TAMS 0x00000000c8300000| PB 0x00000000c8300000| Untracked 

Card table byte_map: [0x000001b1c6cc0000,0x000001b1c6ec0000] _byte_map_base: 0x000001b1c66c0000

Marking Bits: (CMBitMap*) 0x000001b1aeea4eb0
 Bits: [0x000001b1c6ec0000, 0x000001b1c7ec0000)

Polling page: 0x000001b1acc60000

Metaspace:

Usage:
  Non-class:      6.72 MB used.
      Class:    965.76 KB used.
       Both:      7.66 MB used.

Virtual space:
  Non-class space:       64.00 MB reserved,       6.88 MB ( 11%) committed,  1 nodes.
      Class space:        1.00 GB reserved,       1.06 MB ( <1%) committed,  1 nodes.
             Both:        1.06 GB reserved,       7.94 MB ( <1%) committed. 

Chunk freelists:
   Non-Class:  8.23 MB
       Class:  14.77 MB
        Both:  23.00 MB

MaxMetaspaceSize: unlimited
CompressedClassSpaceSize: 1.00 GB
Initial GC threshold: 21.00 MB
Current GC threshold: 21.00 MB
CDS: on
 - commit_granule_bytes: 65536.
 - commit_granule_words: 8192.
 - virtual_space_node_default_size: 8388608.
 - enlarge_chunks_in_place: 1.
 - use_allocation_guard: 0.


Internal statistics:

num_allocs_failed_limit: 0.
num_arena_births: 192.
num_arena_deaths: 0.
num_vsnodes_births: 2.
num_vsnodes_deaths: 0.
num_space_committed: 127.
num_space_uncommitted: 0.
num_chunks_returned_to_freelist: 0.
num_chunks_taken_from_freelist: 460.
num_chunk_merges: 0.
num_chunk_splits: 275.
num_chunks_enlarged: 152.
num_inconsistent_stats: 0.

CodeHeap 'non-profiled nmethods': size=120000Kb used=1065Kb max_used=1065Kb free=118934Kb
 bounds [0x000001b1bf030000, 0x000001b1bf2a0000, 0x000001b1c6560000]
CodeHeap 'profiled nmethods': size=120000Kb used=4260Kb max_used=4260Kb free=115739Kb
 bounds [0x000001b1b7560000, 0x000001b1b7990000, 0x000001b1bea90000]
CodeHeap 'non-nmethods': size=5760Kb used=1363Kb max_used=1385Kb free=4396Kb
 bounds [0x000001b1bea90000, 0x000001b1bed00000, 0x000001b1bf030000]
CodeCache: size=245760Kb, used=6688Kb, max_used=6710Kb, free=239069Kb
 total_blobs=2630, nmethods=2166, adapters=369, full_count=0
Compilation: enabled, stopped_count=0, restarted_count=0

Compilation events (20 events):
Event: 12.405 Thread 0x000001b1cab0c640 nmethod 2212 0x000001b1b7985d10 code [0x000001b1b7985f40, 0x000001b1b79863d0]
Event: 12.406 Thread 0x000001b1cab0c640 2213       2       java.lang.invoke.LambdaFormEditor::<init> (10 bytes)
Event: 12.406 Thread 0x000001b1cab0c640 nmethod 2213 0x000001b1b7986690 code [0x000001b1b7986820, 0x000001b1b7986970]
Event: 12.407 Thread 0x000001b1cab0c640 2214       2       java.lang.invoke.LambdaForm::editor (5 bytes)
Event: 12.407 Thread 0x000001b1cab0c640 nmethod 2214 0x000001b1b7986a10 code [0x000001b1b7986bc0, 0x000001b1b7986da0]
Event: 12.407 Thread 0x000001b1cab0c640 2215       2       java.lang.invoke.LambdaFormEditor::getInCache (165 bytes)
Event: 12.408 Thread 0x000001b1cab0c640 nmethod 2215 0x000001b1b7986e90 code [0x000001b1b79870a0, 0x000001b1b79875f8]
Event: 12.408 Thread 0x000001b1cab0c640 2216       2       java.lang.invoke.LambdaFormEditor$TransformKey::inRange (36 bytes)
Event: 12.409 Thread 0x000001b1cab0c640 nmethod 2216 0x000001b1b7987990 code [0x000001b1b7987b20, 0x000001b1b7987c18]
Event: 12.425 Thread 0x000001b1cab0c640 2218       2       java.lang.invoke.ClassSpecializer$SpeciesData::fieldCount (10 bytes)
Event: 12.426 Thread 0x000001b1cab0c640 nmethod 2218 0x000001b1b7987c90 code [0x000001b1b7987e40, 0x000001b1b7987f78]
Event: 12.426 Thread 0x000001b1cab0c640 2219       2       java.util.ImmutableCollections$List12::size (16 bytes)
Event: 12.426 Thread 0x000001b1cab0c640 nmethod 2219 0x000001b1b7988010 code [0x000001b1b79881a0, 0x000001b1b79882c0]
Event: 12.444 Thread 0x000001b1cab0c640 2220       2       java.lang.invoke.BoundMethodHandle::fieldCount (8 bytes)
Event: 12.444 Thread 0x000001b1cab0c640 nmethod 2220 0x000001b1b7988390 code [0x000001b1b7988540, 0x000001b1b79886a0]
Event: 12.444 Thread 0x000001b1cab0c640 2221       2       java.lang.invoke.BoundMethodHandle::editor (8 bytes)
Event: 12.445 Thread 0x000001b1cab0c640 nmethod 2221 0x000001b1b7988790 code [0x000001b1b7988940, 0x000001b1b7988b28]
Event: 12.445 Thread 0x000001b1cab0c640 2222       2       java.lang.invoke.BoundMethodHandle::rebind (14 bytes)
Event: 12.446 Thread 0x000001b1cab0c640 nmethod 2222 0x000001b1b7988c10 code [0x000001b1b7988de0, 0x000001b1b7988ff0]
Event: 12.476 Thread 0x000001b1cab0c640 2224   !   3       java.util.concurrent.ConcurrentHashMap::computeIfAbsent (576 bytes)

GC Heap History (20 events):
Event: 2.451 GC heap after
{Heap after GC invocations=1 (full 0):
 garbage-first heap   total 126976K, used 9152K [0x00000000c0000000, 0x0000000100000000)
  region size 1024K, 3 young (3072K), 3 survivors (3072K)
 Metaspace       used 3381K, committed 3584K, reserved 1114112K
  class space    used 352K, committed 448K, reserved 1048576K
}
Event: 4.571 GC heap before
{Heap before GC invocations=1 (full 0):
 garbage-first heap   total 126976K, used 35776K [0x00000000c0000000, 0x0000000100000000)
  region size 1024K, 25 young (25600K), 3 survivors (3072K)
 Metaspace       used 5704K, committed 5952K, reserved 1114112K
  class space    used 641K, committed 768K, reserved 1048576K
}
Event: 4.603 GC heap after
{Heap after GC invocations=2 (full 0):
 garbage-first heap   total 126976K, used 14098K [0x00000000c0000000, 0x0000000100000000)
  region size 1024K, 4 young (4096K), 4 survivors (4096K)
 Metaspace       used 5704K, committed 5952K, reserved 1114112K
  class space    used 641K, committed 768K, reserved 1048576K
}
Event: 6.058 GC heap before
{Heap before GC invocations=2 (full 0):
 garbage-first heap   total 126976K, used 47890K [0x00000000c0000000, 0x0000000100000000)
  region size 1024K, 38 young (38912K), 4 survivors (4096K)
 Metaspace       used 5719K, committed 5952K, reserved 1114112K
  class space    used 641K, committed 768K, reserved 1048576K
}
Event: 6.077 GC heap after
{Heap after GC invocations=3 (full 0):
 garbage-first heap   total 126976K, used 23552K [0x00000000c0000000, 0x0000000100000000)
  region size 1024K, 5 young (5120K), 5 survivors (5120K)
 Metaspace       used 5719K, committed 5952K, reserved 1114112K
  class space    used 641K, committed 768K, reserved 1048576K
}
Event: 7.443 GC heap before
{Heap before GC invocations=3 (full 0):
 garbage-first heap   total 126976K, used 72704K [0x00000000c0000000, 0x0000000100000000)
  region size 1024K, 53 young (54272K), 5 survivors (5120K)
 Metaspace       used 5725K, committed 5952K, reserved 1114112K
  class space    used 641K, committed 768K, reserved 1048576K
}
Event: 7.463 GC heap after
{Heap after GC invocations=4 (full 0):
 garbage-first heap   total 126976K, used 36864K [0x00000000c0000000, 0x0000000100000000)
  region size 1024K, 7 young (7168K), 7 survivors (7168K)
 Metaspace       used 5725K, committed 5952K, reserved 1114112K
  class space    used 641K, committed 768K, reserved 1048576K
}
Event: 8.388 GC heap before
{Heap before GC invocations=4 (full 0):
 garbage-first heap   total 126976K, used 82944K [0x00000000c0000000, 0x0000000100000000)
  region size 1024K, 52 young (53248K), 7 survivors (7168K)
 Metaspace       used 5726K, committed 5952K, reserved 1114112K
  class space    used 641K, committed 768K, reserved 1048576K
}
Event: 8.406 GC heap after
{Heap after GC invocations=5 (full 0):
 garbage-first heap   total 126976K, used 49664K [0x00000000c0000000, 0x0000000100000000)
  region size 1024K, 7 young (7168K), 7 survivors (7168K)
 Metaspace       used 5726K, committed 5952K, reserved 1114112K
  class space    used 641K, committed 768K, reserved 1048576K
}
Event: 9.299 GC heap before
{Heap before GC invocations=5 (full 0):
 garbage-first heap   total 126976K, used 93696K [0x00000000c0000000, 0x0000000100000000)
  region size 1024K, 48 young (49152K), 7 survivors (7168K)
 Metaspace       used 5730K, committed 5952K, reserved 1114112K
  class space    used 641K, committed 768K, reserved 1048576K
}
Event: 9.313 GC heap after
{Heap after GC invocations=6 (full 0):
 garbage-first heap   total 126976K, used 61440K [0x00000000c0000000, 0x0000000100000000)
  region size 1024K, 6 young (6144K), 6 survivors (6144K)
 Metaspace       used 5730K, committed 5952K, reserved 1114112K
  class space    used 641K, committed 768K, reserved 1048576K
}
Event: 10.940 GC heap before
{Heap before GC invocations=6 (full 0):
 garbage-first heap   total 126976K, used 99328K [0x00000000c0000000, 0x0000000100000000)
  region size 1024K, 43 young (44032K), 6 survivors (6144K)
 Metaspace       used 7584K, committed 7872K, reserved 1114112K
  class space    used 931K, committed 1088K, reserved 1048576K
}
Event: 11.003 GC heap after
{Heap after GC invocations=7 (full 0):
 garbage-first heap   total 126976K, used 72704K [0x00000000c0000000, 0x0000000100000000)
  region size 1024K, 6 young (6144K), 6 survivors (6144K)
 Metaspace       used 7584K, committed 7872K, reserved 1114112K
  class space    used 931K, committed 1088K, reserved 1048576K
}
Event: 11.550 GC heap before
{Heap before GC invocations=7 (full 0):
 garbage-first heap   total 126976K, used 103424K [0x00000000c0000000, 0x0000000100000000)
  region size 1024K, 37 young (37888K), 6 survivors (6144K)
 Metaspace       used 7827K, committed 8128K, reserved 1114112K
  class space    used 961K, committed 1088K, reserved 1048576K
}
Event: 11.617 GC heap after
{Heap after GC invocations=8 (full 0):
 garbage-first heap   total 126976K, used 80896K [0x00000000c0000000, 0x0000000100000000)
  region size 1024K, 5 young (5120K), 5 survivors (5120K)
 Metaspace       used 7827K, committed 8128K, reserved 1114112K
  class space    used 961K, committed 1088K, reserved 1048576K
}
Event: 11.923 GC heap before
{Heap before GC invocations=9 (full 0):
 garbage-first heap   total 135168K, used 107520K [0x00000000c0000000, 0x0000000100000000)
  region size 1024K, 31 young (31744K), 5 survivors (5120K)
 Metaspace       used 7833K, committed 8128K, reserved 1114112K
  class space    used 963K, committed 1088K, reserved 1048576K
}
Event: 11.962 GC heap after
{Heap after GC invocations=10 (full 0):
 garbage-first heap   total 135168K, used 88576K [0x00000000c0000000, 0x0000000100000000)
  region size 1024K, 4 young (4096K), 4 survivors (4096K)
 Metaspace       used 7833K, committed 8128K, reserved 1114112K
  class space    used 963K, committed 1088K, reserved 1048576K
}
Event: 12.178 GC heap before
{Heap before GC invocations=10 (full 0):
 garbage-first heap   total 135168K, used 115200K [0x00000000c0000000, 0x0000000100000000)
  region size 1024K, 30 young (30720K), 4 survivors (4096K)
 Metaspace       used 7833K, committed 8128K, reserved 1114112K
  class space    used 963K, committed 1088K, reserved 1048576K
}
Event: 12.219 GC heap after
{Heap after GC invocations=11 (full 0):
 garbage-first heap   total 135168K, used 95221K [0x00000000c0000000, 0x0000000100000000)
  region size 1024K, 4 young (4096K), 4 survivors (4096K)
 Metaspace       used 7833K, committed 8128K, reserved 1114112K
  class space    used 963K, committed 1088K, reserved 1048576K
}
Event: 13.474 GC heap before
{Heap before GC invocations=11 (full 0):
 garbage-first heap   total 135168K, used 117749K [0x00000000c0000000, 0x0000000100000000)
  region size 1024K, 27 young (27648K), 4 survivors (4096K)
 Metaspace       used 7843K, committed 8128K, reserved 1114112K
  class space    used 965K, committed 1088K, reserved 1048576K
}

Dll operation events (7 events):
Event: 0.065 Loaded shared library C:\Program Files\Android\openjdk\jdk-21.0.8\bin\java.dll
Event: 0.429 Loaded shared library C:\Program Files\Android\openjdk\jdk-21.0.8\bin\jsvml.dll
Event: 0.508 Loaded shared library C:\Program Files\Android\openjdk\jdk-21.0.8\bin\net.dll
Event: 0.524 Loaded shared library C:\Program Files\Android\openjdk\jdk-21.0.8\bin\nio.dll
Event: 0.633 Loaded shared library C:\Program Files\Android\openjdk\jdk-21.0.8\bin\zip.dll
Event: 1.478 Loaded shared library C:\Program Files\Android\openjdk\jdk-21.0.8\bin\jimage.dll
Event: 9.470 Loaded shared library C:\Program Files\Android\openjdk\jdk-21.0.8\bin\verify.dll

Deoptimization events (20 events):
Event: 11.912 Thread 0x000001b21071f760 DEOPT UNPACKING pc=0x000001b1beae46a2 sp=0x0000001fe53fe4c8 mode 2
Event: 11.912 Thread 0x000001b1caf521a0 DEOPT UNPACKING pc=0x000001b1beae46a2 sp=0x0000001fe56fe2d8 mode 2
Event: 11.912 Thread 0x000001b1cade5b40 DEOPT PACKING pc=0x000001b1bf1338b4 sp=0x0000001fe52fe770
Event: 11.912 Thread 0x000001b1cade5b40 DEOPT UNPACKING pc=0x000001b1beae46a2 sp=0x0000001fe52fe6d8 mode 2
Event: 12.085 Thread 0x000001b1caf54270 Uncommon trap: trap_request=0xffffffbe fr.pc=0x000001b1bf136db0 relative=0x0000000000000a50
Event: 12.085 Thread 0x000001b1caf52830 Uncommon trap: trap_request=0xffffffbe fr.pc=0x000001b1bf136db0 relative=0x0000000000000a50
Event: 12.085 Thread 0x000001b1caf54270 Uncommon trap: reason=profile_predicate action=maybe_recompile pc=0x000001b1bf136db0 method=com.android.tools.r8.graph.L2.a(Ljava/lang/String;)[B @ 87 c2
Event: 12.085 Thread 0x000001b1caf54270 DEOPT PACKING pc=0x000001b1bf136db0 sp=0x0000001fe58fe1b0
Event: 12.085 Thread 0x000001b1caf54270 DEOPT UNPACKING pc=0x000001b1beae46a2 sp=0x0000001fe58fe118 mode 2
Event: 12.085 Thread 0x000001b1caf521a0 Uncommon trap: trap_request=0xffffffbe fr.pc=0x000001b1bf136db0 relative=0x0000000000000a50
Event: 12.085 Thread 0x000001b1caf521a0 Uncommon trap: reason=profile_predicate action=maybe_recompile pc=0x000001b1bf136db0 method=com.android.tools.r8.graph.L2.a(Ljava/lang/String;)[B @ 87 c2
Event: 12.085 Thread 0x000001b1caf521a0 DEOPT PACKING pc=0x000001b1bf136db0 sp=0x0000001fe56fe390
Event: 12.085 Thread 0x000001b1caf521a0 DEOPT UNPACKING pc=0x000001b1beae46a2 sp=0x0000001fe56fe2f8 mode 2
Event: 12.092 Thread 0x000001b1caf52830 Uncommon trap: reason=profile_predicate action=maybe_recompile pc=0x000001b1bf136db0 method=com.android.tools.r8.graph.L2.a(Ljava/lang/String;)[B @ 87 c2
Event: 12.092 Thread 0x000001b1caf52830 DEOPT PACKING pc=0x000001b1bf136db0 sp=0x0000001fe57fe540
Event: 12.092 Thread 0x000001b1caf52830 DEOPT UNPACKING pc=0x000001b1beae46a2 sp=0x0000001fe57fe4a8 mode 2
Event: 12.475 Thread 0x000001b21084b2f0 Uncommon trap: trap_request=0xffffff45 fr.pc=0x000001b1bf12c43c relative=0x00000000000015bc
Event: 12.475 Thread 0x000001b21084b2f0 Uncommon trap: reason=unstable_if action=reinterpret pc=0x000001b1bf12c43c method=java.util.concurrent.ConcurrentHashMap.computeIfAbsent(Ljava/lang/Object;Ljava/util/function/Function;)Ljava/lang/Object; @ 539 c2
Event: 12.475 Thread 0x000001b21084b2f0 DEOPT PACKING pc=0x000001b1bf12c43c sp=0x0000001fe4ffe800
Event: 12.475 Thread 0x000001b21084b2f0 DEOPT UNPACKING pc=0x000001b1beae46a2 sp=0x0000001fe4ffe780 mode 2

Classes loaded (20 events):
Event: 4.404 Loading class java/util/concurrent/atomic/AtomicReference
Event: 4.405 Loading class java/util/concurrent/atomic/AtomicReference done
Event: 4.447 Loading class java/util/concurrent/ConcurrentLinkedQueue
Event: 4.448 Loading class java/util/AbstractQueue
Event: 4.449 Loading class java/util/AbstractQueue done
Event: 4.449 Loading class java/util/concurrent/ConcurrentLinkedQueue done
Event: 4.450 Loading class java/util/concurrent/ConcurrentLinkedQueue$Node
Event: 4.450 Loading class java/util/concurrent/ConcurrentLinkedQueue$Node done
Event: 9.435 Loading class java/util/concurrent/Callable
Event: 9.438 Loading class java/util/concurrent/Callable done
Event: 9.441 Loading class java/util/concurrent/ForkJoinTask$AdaptedCallable
Event: 9.442 Loading class java/util/concurrent/RunnableFuture
Event: 9.443 Loading class java/util/concurrent/RunnableFuture done
Event: 9.443 Loading class java/util/concurrent/ForkJoinTask$AdaptedCallable done
Event: 9.531 Loading class java/lang/reflect/GenericSignatureFormatError
Event: 9.532 Loading class java/lang/ClassFormatError
Event: 9.533 Loading class java/lang/ClassFormatError done
Event: 9.533 Loading class java/lang/reflect/GenericSignatureFormatError done
Event: 12.475 Loading class java/util/concurrent/ConcurrentHashMap$TreeNode
Event: 13.460 Loading class java/util/concurrent/ConcurrentHashMap$TreeNode done

Classes unloaded (0 events):
No events

Classes redefined (0 events):
No events

Internal exceptions (20 events):
Event: 9.919 Thread 0x000001b21071fdc0 Exception <a 'java/lang/NoSuchMethodError'{0x00000000c777fca0}: 'long java.lang.invoke.DirectMethodHandle$Holder.invokeStatic(java.lang.Object, java.lang.Object)'> (0x00000000c777fca0) 
thrown [s\src\hotspot\share\interpreter\linkResolver.cpp, line 773]
Event: 9.919 Thread 0x000001b1cade5b40 Exception <a 'java/lang/NoSuchMethodError'{0x00000000c7412f70}: 'long java.lang.invoke.DirectMethodHandle$Holder.invokeStatic(java.lang.Object, java.lang.Object)'> (0x00000000c7412f70) 
thrown [s\src\hotspot\share\interpreter\linkResolver.cpp, line 773]
Event: 9.920 Thread 0x000001b21071f760 Exception <a 'java/lang/NoSuchMethodError'{0x00000000c771c330}: 'long java.lang.invoke.DirectMethodHandle$Holder.invokeStatic(java.lang.Object, java.lang.Object)'> (0x00000000c771c330) 
thrown [s\src\hotspot\share\interpreter\linkResolver.cpp, line 773]
Event: 9.921 Thread 0x000001b21084b2f0 Exception <a 'java/lang/NoSuchMethodError'{0x00000000c74d9710}: 'long java.lang.invoke.DirectMethodHandle$Holder.invokeStatic(java.lang.Object, java.lang.Object)'> (0x00000000c74d9710) 
thrown [s\src\hotspot\share\interpreter\linkResolver.cpp, line 773]
Event: 9.921 Thread 0x000001b1cade34d0 Exception <a 'java/lang/NoSuchMethodError'{0x00000000c7828ca8}: 'long java.lang.invoke.DirectMethodHandle$Holder.invokeStatic(java.lang.Object, java.lang.Object)'> (0x00000000c7828ca8) 
thrown [s\src\hotspot\share\interpreter\linkResolver.cpp, line 773]
Event: 9.922 Thread 0x000001b1caf51b10 Exception <a 'java/lang/NoSuchMethodError'{0x00000000c77f17f8}: 'long java.lang.invoke.DirectMethodHandle$Holder.invokeStaticInit(java.lang.Object, java.lang.Object)'> (0x00000000c77f17f8) 
thrown [s\src\hotspot\share\interpreter\linkResolver.cpp, line 773]
Event: 9.922 Thread 0x000001b1caf52830 Exception <a 'java/lang/NoSuchMethodError'{0x00000000c75b94e0}: 'long java.lang.invoke.DirectMethodHandle$Holder.invokeStaticInit(java.lang.Object, java.lang.Object)'> (0x00000000c75b94e0) 
thrown [s\src\hotspot\share\interpreter\linkResolver.cpp, line 773]
Event: 9.922 Thread 0x000001b21084b950 Exception <a 'java/lang/NoSuchMethodError'{0x00000000c7881968}: 'long java.lang.invoke.DirectMethodHandle$Holder.invokeStaticInit(java.lang.Object, java.lang.Object)'> (0x00000000c7881968) 
thrown [s\src\hotspot\share\interpreter\linkResolver.cpp, line 773]
Event: 9.922 Thread 0x000001b1caf54270 Exception <a 'java/lang/NoSuchMethodError'{0x00000000c767f860}: 'long java.lang.invoke.DirectMethodHandle$Holder.invokeStaticInit(java.lang.Object, java.lang.Object)'> (0x00000000c767f860) 
thrown [s\src\hotspot\share\interpreter\linkResolver.cpp, line 773]
Event: 9.922 Thread 0x000001b210346e90 Exception <a 'java/lang/NoSuchMethodError'{0x00000000c7496758}: 'long java.lang.invoke.DirectMethodHandle$Holder.invokeStaticInit(java.lang.Object, java.lang.Object)'> (0x00000000c7496758) 
thrown [s\src\hotspot\share\interpreter\linkResolver.cpp, line 773]
Event: 9.922 Thread 0x000001b21084ac90 Exception <a 'java/lang/NoSuchMethodError'{0x00000000c795d6c0}: 'long java.lang.invoke.DirectMethodHandle$Holder.invokeStaticInit(java.lang.Object, java.lang.Object)'> (0x00000000c795d6c0) 
thrown [s\src\hotspot\share\interpreter\linkResolver.cpp, line 773]
Event: 9.922 Thread 0x000001b1caf521a0 Exception <a 'java/lang/NoSuchMethodError'{0x00000000c733fcb8}: 'long java.lang.invoke.DirectMethodHandle$Holder.invokeStaticInit(java.lang.Object, java.lang.Object)'> (0x00000000c733fcb8) 
thrown [s\src\hotspot\share\interpreter\linkResolver.cpp, line 773]
Event: 9.922 Thread 0x000001b21071f760 Exception <a 'java/lang/NoSuchMethodError'{0x00000000c771f6b0}: 'long java.lang.invoke.DirectMethodHandle$Holder.invokeStaticInit(java.lang.Object, java.lang.Object)'> (0x00000000c771f6b0) 
thrown [s\src\hotspot\share\interpreter\linkResolver.cpp, line 773]
Event: 9.923 Thread 0x000001b1cade5b40 Exception <a 'java/lang/NoSuchMethodError'{0x00000000c74162f0}: 'long java.lang.invoke.DirectMethodHandle$Holder.invokeStaticInit(java.lang.Object, java.lang.Object)'> (0x00000000c74162f0) 
thrown [s\src\hotspot\share\interpreter\linkResolver.cpp, line 773]
Event: 9.924 Thread 0x000001b21084b2f0 Exception <a 'java/lang/NoSuchMethodError'{0x00000000c74dca90}: 'long java.lang.invoke.DirectMethodHandle$Holder.invokeStaticInit(java.lang.Object, java.lang.Object)'> (0x00000000c74dca90) 
thrown [s\src\hotspot\share\interpreter\linkResolver.cpp, line 773]
Event: 9.925 Thread 0x000001b21071fdc0 Exception <a 'java/lang/NoSuchMethodError'{0x00000000c7783020}: 'long java.lang.invoke.DirectMethodHandle$Holder.invokeStaticInit(java.lang.Object, java.lang.Object)'> (0x00000000c7783020) 
thrown [s\src\hotspot\share\interpreter\linkResolver.cpp, line 773]
Event: 9.925 Thread 0x000001b1cade34d0 Exception <a 'java/lang/NoSuchMethodError'{0x00000000c782c028}: 'long java.lang.invoke.DirectMethodHandle$Holder.invokeStaticInit(java.lang.Object, java.lang.Object)'> (0x00000000c782c028) 
thrown [s\src\hotspot\share\interpreter\linkResolver.cpp, line 773]
Event: 10.212 Thread 0x000001b21071fdc0 Exception <a 'java/lang/NoSuchMethodError'{0x00000000c707acf8}: 'java.lang.Object java.lang.invoke.DirectMethodHandle$Holder.newInvokeSpecial(java.lang.Object, int, java.lang.Object)'> (0x00000000c707acf8) 
thrown [s\src\hotspot\share\interpreter\linkResolver.cpp, line 773]
Event: 11.027 Thread 0x000001b1caf52830 Exception <a 'java/lang/NoSuchMethodError'{0x00000000c7b17820}: 'void java.lang.invoke.DirectMethodHandle$Holder.invokeSpecial(java.lang.Object, java.lang.Object, java.lang.Object, java.lang.Object, java.lang.Object)'> (0x00000000c7b17820) 
thrown [s\src\hotspot\share\interpreter\linkResolver.cpp, line 773]
Event: 11.031 Thread 0x000001b1cade34d0 Exception <a 'java/lang/NoSuchMethodError'{0x00000000c7b7f9a0}: 'void java.lang.invoke.DirectMethodHandle$Holder.invokeSpecial(java.lang.Object, java.lang.Object, java.lang.Object, java.lang.Object, java.lang.Object)'> (0x00000000c7b7f9a0) 
thrown [s\src\hotspot\share\interpreter\linkResolver.cpp, line 773]

ZGC Phase Switch (0 events):
No events

VM Operations (20 events):
Event: 7.463 Executing VM operation: G1CollectForAllocation (G1 Evacuation Pause) done
Event: 8.388 Executing VM operation: G1CollectForAllocation (G1 Evacuation Pause)
Event: 8.406 Executing VM operation: G1CollectForAllocation (G1 Evacuation Pause) done
Event: 9.299 Executing VM operation: G1CollectForAllocation (G1 Evacuation Pause)
Event: 9.313 Executing VM operation: G1CollectForAllocation (G1 Evacuation Pause) done
Event: 10.323 Executing VM operation: Cleanup
Event: 10.333 Executing VM operation: Cleanup done
Event: 10.931 Executing VM operation: G1CollectForAllocation (G1 Evacuation Pause)
Event: 11.003 Executing VM operation: G1CollectForAllocation (G1 Evacuation Pause) done
Event: 11.549 Executing VM operation: G1CollectForAllocation (G1 Evacuation Pause)
Event: 11.617 Executing VM operation: G1CollectForAllocation (G1 Evacuation Pause) done
Event: 11.677 Executing VM operation: G1PauseRemark
Event: 11.692 Executing VM operation: G1PauseRemark done
Event: 11.718 Executing VM operation: G1PauseCleanup
Event: 11.719 Executing VM operation: G1PauseCleanup done
Event: 11.922 Executing VM operation: G1CollectForAllocation (G1 Evacuation Pause)
Event: 11.962 Executing VM operation: G1CollectForAllocation (G1 Evacuation Pause) done
Event: 12.172 Executing VM operation: G1CollectForAllocation (G1 Evacuation Pause)
Event: 12.219 Executing VM operation: G1CollectForAllocation (G1 Evacuation Pause) done
Event: 12.502 Executing VM operation: G1CollectForAllocation (G1 Evacuation Pause)

Memory protections (0 events):
No events

Nmethod flushes (0 events):
No events

Events (20 events):
Event: 0.407 Thread 0x000001b1aca049f0 Thread added: 0x000001b1cab02d90
Event: 0.407 Thread 0x000001b1aca049f0 Thread added: 0x000001b1cab037e0
Event: 0.408 Thread 0x000001b1aca049f0 Thread added: 0x000001b1cab04230
Event: 0.408 Thread 0x000001b1aca049f0 Thread added: 0x000001b1cab04c80
Event: 0.408 Thread 0x000001b1aca049f0 Thread added: 0x000001b1cab07440
Event: 0.409 Thread 0x000001b1aca049f0 Thread added: 0x000001b1cab0c640
Event: 0.471 Thread 0x000001b1aca049f0 Thread added: 0x000001b1cacee7a0
Event: 0.485 Thread 0x000001b1aca049f0 Thread added: 0x000001b1cacf9800
Event: 9.446 Thread 0x000001b1aca049f0 Thread added: 0x000001b210346e90
Event: 9.448 Thread 0x000001b210346e90 Thread added: 0x000001b21084ac90
Event: 9.448 Thread 0x000001b1aca049f0 Thread added: 0x000001b21084b2f0
Event: 9.450 Thread 0x000001b21084ac90 Thread added: 0x000001b21084b950
Event: 9.452 Thread 0x000001b21084b2f0 Thread added: 0x000001b1cade34d0
Event: 9.452 Thread 0x000001b1aca049f0 Thread added: 0x000001b1cade5b40
Event: 9.455 Thread 0x000001b1cade34d0 Thread added: 0x000001b21071f760
Event: 9.456 Thread 0x000001b21084b950 Thread added: 0x000001b21071fdc0
Event: 9.456 Thread 0x000001b1cade5b40 Thread added: 0x000001b1caf51b10
Event: 9.457 Thread 0x000001b21071f760 Thread added: 0x000001b1caf521a0
Event: 9.458 Thread 0x000001b21071fdc0 Thread added: 0x000001b1caf52830
Event: 9.460 Thread 0x000001b1caf51b10 Thread added: 0x000001b1caf54270


Dynamic libraries:
0x00007ff683710000 - 0x00007ff68371e000 	C:\Program Files\Android\openjdk\jdk-21.0.8\bin\java.exe
0x00007ffd33c40000 - 0x00007ffd33ea7000 	C:\WINDOWS\SYSTEM32\ntdll.dll
0x00007ffd32aa0000 - 0x00007ffd32b69000 	C:\WINDOWS\System32\KERNEL32.DLL
0x00007ffd30a70000 - 0x00007ffd30e61000 	C:\WINDOWS\System32\KERNELBASE.dll
0x00007ffd307f0000 - 0x00007ffd3093b000 	C:\WINDOWS\System32\ucrtbase.dll
0x00007ffc7f820000 - 0x00007ffc7f838000 	C:\Program Files\Android\openjdk\jdk-21.0.8\bin\jli.dll
0x00007ffc7f800000 - 0x00007ffc7f81e000 	C:\Program Files\Android\openjdk\jdk-21.0.8\bin\VCRUNTIME140.dll
0x00007ffd33470000 - 0x00007ffd33635000 	C:\WINDOWS\System32\USER32.dll
0x00007ffd319b0000 - 0x00007ffd319d7000 	C:\WINDOWS\System32\win32u.dll
0x00007ffd33990000 - 0x00007ffd339bb000 	C:\WINDOWS\System32\GDI32.dll
0x00007ffd17570000 - 0x00007ffd17803000 	C:\WINDOWS\WinSxS\amd64_microsoft.windows.common-controls_6595b64144ccf1df_6.0.26100.8037_none_3e092faae333b53b\COMCTL32.dll
0x00007ffd30940000 - 0x00007ffd30a6b000 	C:\WINDOWS\System32\gdi32full.dll
0x00007ffd316e0000 - 0x00007ffd31783000 	C:\WINDOWS\System32\msvcp_win.dll
0x00007ffd333b0000 - 0x00007ffd33459000 	C:\WINDOWS\System32\msvcrt.dll
0x00007ffd336c0000 - 0x00007ffd336f1000 	C:\WINDOWS\System32\IMM32.DLL
0x00007ffd21920000 - 0x00007ffd2192c000 	C:\Program Files\Android\openjdk\jdk-21.0.8\bin\vcruntime140_1.dll
0x00007ffc59da0000 - 0x00007ffc59e29000 	C:\Program Files\Android\openjdk\jdk-21.0.8\bin\msvcp140.dll
0x00007ffba2220000 - 0x00007ffba2fcc000 	C:\Program Files\Android\openjdk\jdk-21.0.8\bin\server\jvm.dll
0x00007ffd31a60000 - 0x00007ffd31b1b000 	C:\WINDOWS\System32\ADVAPI32.dll
0x00007ffd32b90000 - 0x00007ffd32c37000 	C:\WINDOWS\System32\sechost.dll
0x00007ffd33800000 - 0x00007ffd33918000 	C:\WINDOWS\System32\RPCRT4.dll
0x00007ffd319e0000 - 0x00007ffd31a54000 	C:\WINDOWS\System32\WS2_32.dll
0x00007ffd2b5b0000 - 0x00007ffd2b5e5000 	C:\WINDOWS\SYSTEM32\WINMM.dll
0x00007ffd303a0000 - 0x00007ffd303fe000 	C:\WINDOWS\SYSTEM32\POWRPROF.dll
0x00007ffd17890000 - 0x00007ffd1789b000 	C:\WINDOWS\SYSTEM32\VERSION.dll
0x00007ffd30380000 - 0x00007ffd30394000 	C:\WINDOWS\SYSTEM32\UMPDC.dll
0x00007ffd2f2b0000 - 0x00007ffd2f2cb000 	C:\WINDOWS\SYSTEM32\kernel.appcore.dll
0x00007ffcd5530000 - 0x00007ffcd553a000 	C:\Program Files\Android\openjdk\jdk-21.0.8\bin\jimage.dll
0x00007ffd2e300000 - 0x00007ffd2e542000 	C:\WINDOWS\SYSTEM32\DBGHELP.DLL
0x00007ffd32710000 - 0x00007ffd32a92000 	C:\WINDOWS\System32\combase.dll
0x00007ffd33150000 - 0x00007ffd33227000 	C:\WINDOWS\System32\OLEAUT32.dll
0x00007ffd0fdb0000 - 0x00007ffd0fdeb000 	C:\WINDOWS\SYSTEM32\dbgcore.DLL
0x00007ffd31900000 - 0x00007ffd319a5000 	C:\WINDOWS\System32\bcryptPrimitives.dll
0x00007ffc7f7d0000 - 0x00007ffc7f7f1000 	C:\Program Files\Android\openjdk\jdk-21.0.8\bin\java.dll
0x00007ffd31b20000 - 0x00007ffd3227f000 	C:\WINDOWS\System32\SHELL32.dll
0x00007ffd31790000 - 0x00007ffd318fa000 	C:\WINDOWS\System32\wintypes.dll
0x00007ffd30e70000 - 0x00007ffd316d4000 	C:\WINDOWS\System32\windows.storage.dll
0x00007ffd32290000 - 0x00007ffd32387000 	C:\WINDOWS\System32\SHCORE.dll
0x00007ffd33920000 - 0x00007ffd33987000 	C:\WINDOWS\System32\shlwapi.dll
0x00007ffd30440000 - 0x00007ffd30469000 	C:\WINDOWS\SYSTEM32\profapi.dll
0x00007ffc59210000 - 0x00007ffc592e6000 	C:\Program Files\Android\openjdk\jdk-21.0.8\bin\jsvml.dll
0x00007ffc61ef0000 - 0x00007ffc61f01000 	C:\Program Files\Android\openjdk\jdk-21.0.8\bin\net.dll
0x00007ffd21700000 - 0x00007ffd21827000 	C:\WINDOWS\SYSTEM32\WINHTTP.dll
0x00007ffd2f820000 - 0x00007ffd2f88b000 	C:\WINDOWS\system32\mswsock.dll
0x00007ffc61ea0000 - 0x00007ffc61eb6000 	C:\Program Files\Android\openjdk\jdk-21.0.8\bin\nio.dll
0x00007ffc61e80000 - 0x00007ffc61e98000 	C:\Program Files\Android\openjdk\jdk-21.0.8\bin\zip.dll
0x00007ffcd4e60000 - 0x00007ffcd4e70000 	C:\Program Files\Android\openjdk\jdk-21.0.8\bin\verify.dll

JVMTI agents: none

dbghelp: loaded successfully - version: 4.0.5 - missing functions: none
symbol engine: initialized successfully - sym options: 0x614 - pdb path: .;C:\Program Files\Android\openjdk\jdk-21.0.8\bin;C:\WINDOWS\SYSTEM32;C:\WINDOWS\WinSxS\amd64_microsoft.windows.common-controls_6595b64144ccf1df_6.0.26100.8037_none_3e092faae333b53b;C:\Program Files\Android\openjdk\jdk-21.0.8\bin\server

VM Arguments:
jvm_args: -Xmx1G 
java_command: com.android.tools.r8.D8 --debug --min-api 21 --output obj\Debug\net10.0-android\android\bin\ --lib C:\Program Files (x86)\Android\android-sdk\platforms\android-36\android.jar obj\Debug\net10.0-android\android\bin\classes.zip C:\Program Files\dotnet\packs\Microsoft.Android.Ref.36\36.1.43\ref\net10.0\mono.android.jar C:\Program Files\dotnet\packs\Microsoft.Android.Sdk.Windows\36.1.43\tools\\java_runtime_net6.jar C:\Users\Suchithra R\.nuget\packages\xamarin.androidx.annotation.jvm\1.9.1.5\buildTransitive\net10.0-android35.0\..\..\jar\androidx.annotation.annotation-jvm.jar C:\Users\Suchithra R\.nuget\packages\xamarin.androidx.collection.jvm\1.5.0.3\buildTransitive\net10.0-android35.0\..\..\jar\androidx.collection.collection-jvm.jar C:\Users\Suchithra R\.nuget\packages\xamarin.androidx.annotation\1.9.1.5\buildTransitive\net10.0-android35.0\..\..\jar\androidx.annotation.annotation.jar C:\Users\Suchithra R\.nuget\packages\xamarin.androidx.collection\1.5.0.3\buildTransitive\net10.0-android35.0\..\..\jar\androidx.collection.collection.jar C:\Users\Suchithra R\.nuget\packages\xamarin.androidx.concurrent.futures\1.3.0.1\buildTransitive\net10.0-android35.0\..\..\jar\androidx.concurrent.concurrent-futures.jar C:\Users\Suchithra R\.nuget\packages\xamarin.androidx.lifecycle.common.jvm\2.9.2.1\buildTransitive\net10.0-android35.0\..\..\jar\androidx.lifecycle.lifecycle-common-jvm.jar C:\Users\Suchithra R\.nuget\packages\xamarin.androidx.lifecycle.common\2.9.2.1\buildTransitive\net10.0-android35.0\..\..\jar\androidx.lifecycle.lifecycle-common.jar C:\Users\Suchithra R\.nuget\packages\xamarin.androidx.arch.core.common\2.2.0.18\buildTransitive\net10.0-android35.0\..\..\jar\androidx.arch.core.core-common.jar C:\Users\Suchithra R\.nuget\packages\xamarin.androidx.resourceinspection.annotation\1.0.1.22\buildTransitive\net10.0-android35.0\..\..\jar\androidx.resourceinspection.resourceinspection-annotation.jar C:\Users\Suchithra R\.nuget\packages\xamarin.androidx.constraintlayo
java_class_path (initial): C:\Program Files\dotnet\packs\Microsoft.Android.Sdk.Windows\36.1.43\tools\r8.jar
Launcher Type: SUN_STANDARD

[Global flags]
     intx CICompilerCount                          = 4                                         {product} {ergonomic}
     uint ConcGCThreads                            = 3                                         {product} {ergonomic}
     uint G1ConcRefinementThreads                  = 10                                        {product} {ergonomic}
   size_t G1HeapRegionSize                         = 1048576                                   {product} {ergonomic}
    uintx GCDrainStackTargetSize                   = 64                                        {product} {ergonomic}
   size_t InitialHeapSize                          = 130023424                                 {product} {ergonomic}
   size_t MarkStackSize                            = 4194304                                   {product} {ergonomic}
   size_t MaxHeapSize                              = 1073741824                                {product} {command line}
   size_t MaxNewSize                               = 643825664                                 {product} {ergonomic}
   size_t MinHeapDeltaBytes                        = 1048576                                   {product} {ergonomic}
   size_t MinHeapSize                              = 8388608                                   {product} {ergonomic}
    uintx NonNMethodCodeHeapSize                   = 5839372                                {pd product} {ergonomic}
    uintx NonProfiledCodeHeapSize                  = 122909434                              {pd product} {ergonomic}
    uintx ProfiledCodeHeapSize                     = 122909434                              {pd product} {ergonomic}
    uintx ReservedCodeCacheSize                    = 251658240                              {pd product} {ergonomic}
     bool SegmentedCodeCache                       = true                                      {product} {ergonomic}
   size_t SoftMaxHeapSize                          = 1073741824                             {manageable} {ergonomic}
     bool UseCompressedOops                        = true                           {product lp64_product} {ergonomic}
     bool UseG1GC                                  = true                                      {product} {ergonomic}
     bool UseLargePagesIndividualAllocation        = false                                  {pd product} {ergonomic}

Logging:
Log output configuration:
 #0: stdout all=warning uptime,level,tags foldmultilines=false
 #1: stderr all=off uptime,level,tags foldmultilines=false

Environment Variables:
PATH=C:\Program Files\Android\openjdk\jdk-21.0.8\bin;C:\Users\Suchithra R\bin;C:\Program Files\Git\mingw64\bin;C:\Program Files\Git\usr\local\bin;C:\Program Files\Git\usr\bin;C:\Program Files\Git\usr\bin;C:\Program Files\Git\mingw64\bin;C:\Program Files\Git\usr\bin;C:\Users\Suchithra R\bin;C:\Users\Suchithra R\AppData\Local\Programs\Microsoft VS Code;C:\Program Files\Common Files\Oracle\Java\javapath;C:\Program Files (x86)\Common Files\Oracle\Java\java8path;C:\Program Files (x86)\Common Files\Oracle\Java\javapath;C:\WINDOWS\system32;C:\WINDOWS;C:\WINDOWS\System32\Wbem;C:\WINDOWS\System32\WindowsPowerShell\v1.0;C:\WINDOWS\System32\OpenSSH;C:\Program Files\dotnet;C:\Program Files\Java\jdk-23\bin;C:\Program Files (x86)\Microsoft SQL Server\160\Tools\Binn;C:\Program Files\Microsoft SQL Server\160\Tools\Binn;C:\Program Files\Microsoft SQL Server\Client SDK\ODBC\170\Tools\Binn;C:\Program Files\Microsoft SQL Server\160\DTS\Binn;C:\Users\Suchithra R\Downloads\apache-maven-3.9.11-bin (1)\apache-maven-3.9.11\bin;C:\Program Files\Git\cmd;%NVM_HOME%;%NVM_SYMLINK%;C:\Program Files\nodejs;C:\Program Files\Microsoft SQL Server\170\Tools\Binn;C:\Users\Suchithra R\AppData\Local\Programs\Python\Python313\Scripts;C:\Users\Suchithra R\AppData\Local\Programs\Python\Python313;C:\Users\Suchithra R\AppData\Local\Microsoft\WindowsApps;C:\Users\Suchithra R\AppData\Local\Programs\Microsoft VS Code\bin;C:\Users\Suchithra R\AppData\Local\GitHubDesktop\bin;C:\Users\Suchithra R\AppData\Local\nvm;C:\nvm4w\nodejs;C:\Users\Suchithra R\AppData\Roaming\npm;C:\Users\Suchithra R\AppData\Local\Programs\Antigravity\bin;C:\Users\Suchithra R\.dotnet\tools;C:\Program Files\Git\usr\bin\vendor_perl;C:\Program Files\Git\usr\bin\core_perl
USERNAME=Suchithra R
SHELL=C:\Program Files\Git\bin\bash.exe
TERM=xterm-256color
OS=Windows_NT
PROCESSOR_IDENTIFIER=Intel64 Family 6 Model 186 Stepping 3, GenuineIntel
TMP=C:\Users\SUCHIT~1\AppData\Local\Temp
TEMP=C:\Users\SUCHIT~1\AppData\Local\Temp




Periodic native trim disabled

---------------  S Y S T E M  ---------------

OS:
 Windows 11 , 64 bit Build 26100 (10.0.26100.7920)
OS uptime: 2 days 3:32 hours
Hyper-V role detected

CPU: total 12 (initial active 12) (6 cores per cpu, 2 threads per core) family 6 model 186 stepping 3 microcode 0x4128, cx8, cmov, fxsr, ht, mmx, 3dnowpref, sse, sse2, sse3, ssse3, sse4.1, sse4.2, popcnt, lzcnt, tsc, tscinvbit, avx, avx2, aes, erms, clmul, bmi1, bmi2, adx, sha, fma, vzeroupper, clflush, clflushopt, clwb, hv, serialize, rdtscp, rdpid, fsrm, f16c, cet_ibt, cet_ss
Processor Information for the first 12 processors :
  Max Mhz: 1300, Current Mhz: 1300, Mhz Limit: 1300

Memory: 4k page, system-wide physical 7876M (0M free)
TotalPageFile size 32452M (AvailPageFile size 12M)
current process WorkingSet (physical memory assigned to process): 166M, peak: 179M
current process commit charge ("private bytes"): 243M, peak: 370M

vm_info: OpenJDK 64-Bit Server VM (21.0.8+9-LTS) for windows-amd64 JRE (21.0.8+9-LTS), built on 2025-07-10T20:22:44Z by "MicrosoftCorporation" with unknown MS VC++:1944

END.
