#
# There is insufficient memory for the Java Runtime Environment to continue.
# Native memory allocation (mmap) failed to map 130023424 bytes. Error detail: G1 virtual space
# Possible reasons:
#   The system is out of physical RAM or swap space
#   This process is running with CompressedOops enabled, and the Java Heap may be blocking the growth of the native heap
# Possible solutions:
#   Reduce memory load on the system
#   Increase physical memory or swap space
#   Check if swap backing store is full
#   Decrease Java heap size (-Xmx/-Xms)
#   Decrease number of Java threads
#   Decrease Java thread stack sizes (-Xss)
#   Set larger code cache with -XX:ReservedCodeCacheSize=
#   JVM is running with Unscaled Compressed Oops mode in which the Java heap is
#     placed in the first 4GB address space. The Java Heap base address is the
#     maximum limit for the native heap growth. Please use -XX:HeapBaseMinAddress
#     to set the Java Heap base and to place the Java Heap above 4GB virtual address.
# This output file may be truncated or incomplete.
#
#  Out of Memory Error (os_windows.cpp:3736), pid=4068, tid=20192
#
# JRE version:  (21.0.8+9) (build )
# Java VM: OpenJDK 64-Bit Server VM (21.0.8+9-LTS, mixed mode, sharing, tiered, compressed oops, compressed class ptrs, g1 gc, windows-amd64)
# No core dump will be written. Minidumps are not enabled by default on client versions of Windows
#

---------------  S U M M A R Y ------------

Command Line: com.xamarin.manifestmerger.Main obj\Debug\net10.0-android\android\manifestmerger.rsp

Host: 13th Gen Intel(R) Core(TM) i5-1334U, 12 cores, 7G,  Windows 11 , 64 bit Build 26100 (10.0.26100.7920)
Time: Thu Apr  9 14:57:13 2026 India Standard Time elapsed time: 3.869150 seconds (0d 0h 0m 3s)

---------------  T H R E A D  ---------------

Current thread (0x0000029b1471f5d0):  JavaThread "Unknown thread" [_thread_in_vm, id=20192, stack(0x0000009bdc700000,0x0000009bdc800000) (1024K)]

Stack: [0x0000009bdc700000,0x0000009bdc800000]
Native frames: (J=compiled Java code, j=interpreted, Vv=VM code, C=native code)
V  [jvm.dll+0x6e1729]
V  [jvm.dll+0x8bf47b]
V  [jvm.dll+0x8c19aa]
V  [jvm.dll+0x8c2083]
V  [jvm.dll+0x289fd6]
V  [jvm.dll+0x6de085]
V  [jvm.dll+0x6d218a]
V  [jvm.dll+0x366f6e]
V  [jvm.dll+0x36ee1b]
V  [jvm.dll+0x3c06b9]
V  [jvm.dll+0x3c095b]
V  [jvm.dll+0x33a8b7]
V  [jvm.dll+0x33b3fb]
V  [jvm.dll+0x888e5e]
V  [jvm.dll+0x3cd611]
V  [jvm.dll+0x871e5c]
V  [jvm.dll+0x461261]
V  [jvm.dll+0x462ea1]
C  [jli.dll+0x52f0]
C  [ucrtbase.dll+0x37b0]
C  [KERNEL32.DLL+0x2e8d7]
C  [ntdll.dll+0x8c48c]


---------------  P R O C E S S  ---------------

Threads class SMR info:
_java_thread_list=0x00007ffba0f06288, length=0, elements={
}

Java Threads: ( => current thread )
Total: 0

Other Threads:
  0x0000029b147708d0 WorkerThread "GC Thread#0"                     [id=7136, stack(0x0000009bdc800000,0x0000009bdc900000) (1024K)]
  0x0000029b14785830 ConcurrentGCThread "G1 Main Marker"            [id=27104, stack(0x0000009bdc900000,0x0000009bdca00000) (1024K)]
  0x0000029b14786230 WorkerThread "G1 Conc#0"                       [id=28456, stack(0x0000009bdca00000,0x0000009bdcb00000) (1024K)]

[error occurred during error reporting (printing all threads), id 0xc0000005, EXCEPTION_ACCESS_VIOLATION (0xc0000005) at pc=0x00007ffba05fd307]
VM state: not at safepoint (not fully initialized)

VM Mutex/Monitor currently owned by a thread:  ([mutex/lock_event])
[0x00007ffba0f7a8c8] Heap_lock - owner thread: 0x0000029b1471f5d0

Heap address: 0x0000000084e00000, size: 1970 MB, Compressed Oops mode: 32-bit

CDS archive(s) mapped at: [0x0000000000000000-0x0000000000000000-0x0000000000000000), size 0, SharedBaseAddress: 0x0000000800000000, ArchiveRelocationMode: 1.
Narrow klass base: 0x0000000000000000, Narrow klass shift: 0, Narrow klass range: 0x0

GC Precious Log:
 CardTable entry size: 512
 Card Set container configuration: InlinePtr #cards 5 size 8 Array Of Cards #cards 12 size 40 Howl #buckets 4 coarsen threshold 1843 Howl Bitmap #cards 512 size 80 coarsen threshold 460 Card regions per heap region 1 cards per card region 2048

Heap:
 garbage-first heap   total 0K, used 0K [0x0000000084e00000, 0x0000000100000000)
  region size 1024K, 0 young (0K), 0 survivors (0K)

[error occurred during error reporting (printing heap information), id 0xc0000005, EXCEPTION_ACCESS_VIOLATION (0xc0000005) at pc=0x00007ffba09eba99]
GC Heap History (0 events):
No events

Dll operation events (1 events):
Event: 0.720 Loaded shared library C:\Program Files\Android\openjdk\jdk-21.0.8\bin\java.dll

Deoptimization events (0 events):
No events

Classes loaded (0 events):
No events

Classes unloaded (0 events):
No events

Classes redefined (0 events):
No events

Internal exceptions (0 events):
No events

ZGC Phase Switch (0 events):
No events

VM Operations (0 events):
No events

Memory protections (0 events):
No events

Nmethod flushes (0 events):
No events

Events (0 events):
No events


Dynamic libraries:
0x00007ff7b0440000 - 0x00007ff7b044e000 	C:\Program Files\Android\openjdk\jdk-21.0.8\bin\java.exe
0x00007ffd33c40000 - 0x00007ffd33ea7000 	C:\WINDOWS\SYSTEM32\ntdll.dll
0x00007ffd32aa0000 - 0x00007ffd32b69000 	C:\WINDOWS\System32\KERNEL32.DLL
0x00007ffd30a70000 - 0x00007ffd30e61000 	C:\WINDOWS\System32\KERNELBASE.dll
0x00007ffd307f0000 - 0x00007ffd3093b000 	C:\WINDOWS\System32\ucrtbase.dll
0x00007ffc61ef0000 - 0x00007ffc61f08000 	C:\Program Files\Android\openjdk\jdk-21.0.8\bin\jli.dll
0x00007ffd33470000 - 0x00007ffd33635000 	C:\WINDOWS\System32\USER32.dll
0x00007ffd17570000 - 0x00007ffd17803000 	C:\WINDOWS\WinSxS\amd64_microsoft.windows.common-controls_6595b64144ccf1df_6.0.26100.8037_none_3e092faae333b53b\COMCTL32.dll
0x00007ffd319b0000 - 0x00007ffd319d7000 	C:\WINDOWS\System32\win32u.dll
0x00007ffd33990000 - 0x00007ffd339bb000 	C:\WINDOWS\System32\GDI32.dll
0x00007ffd30940000 - 0x00007ffd30a6b000 	C:\WINDOWS\System32\gdi32full.dll
0x00007ffc61890000 - 0x00007ffc618ae000 	C:\Program Files\Android\openjdk\jdk-21.0.8\bin\VCRUNTIME140.dll
0x00007ffd316e0000 - 0x00007ffd31783000 	C:\WINDOWS\System32\msvcp_win.dll
0x00007ffd333b0000 - 0x00007ffd33459000 	C:\WINDOWS\System32\msvcrt.dll
0x00007ffd336c0000 - 0x00007ffd336f1000 	C:\WINDOWS\System32\IMM32.DLL
0x00007ffcd5530000 - 0x00007ffcd553c000 	C:\Program Files\Android\openjdk\jdk-21.0.8\bin\vcruntime140_1.dll
0x00007ffbcb800000 - 0x00007ffbcb889000 	C:\Program Files\Android\openjdk\jdk-21.0.8\bin\msvcp140.dll
0x00007ffba02b0000 - 0x00007ffba105c000 	C:\Program Files\Android\openjdk\jdk-21.0.8\bin\server\jvm.dll
0x00007ffd31a60000 - 0x00007ffd31b1b000 	C:\WINDOWS\System32\ADVAPI32.dll
0x00007ffd32b90000 - 0x00007ffd32c37000 	C:\WINDOWS\System32\sechost.dll
0x00007ffd33800000 - 0x00007ffd33918000 	C:\WINDOWS\System32\RPCRT4.dll
0x00007ffd319e0000 - 0x00007ffd31a54000 	C:\WINDOWS\System32\WS2_32.dll
0x00007ffd303a0000 - 0x00007ffd303fe000 	C:\WINDOWS\SYSTEM32\POWRPROF.dll
0x00007ffd2b5b0000 - 0x00007ffd2b5e5000 	C:\WINDOWS\SYSTEM32\WINMM.dll
0x00007ffd17890000 - 0x00007ffd1789b000 	C:\WINDOWS\SYSTEM32\VERSION.dll
0x00007ffd30380000 - 0x00007ffd30394000 	C:\WINDOWS\SYSTEM32\UMPDC.dll
0x00007ffd2f2b0000 - 0x00007ffd2f2cb000 	C:\WINDOWS\SYSTEM32\kernel.appcore.dll
0x00007ffcb6790000 - 0x00007ffcb679a000 	C:\Program Files\Android\openjdk\jdk-21.0.8\bin\jimage.dll
0x00007ffd2e300000 - 0x00007ffd2e542000 	C:\WINDOWS\SYSTEM32\DBGHELP.DLL
0x00007ffd32710000 - 0x00007ffd32a92000 	C:\WINDOWS\System32\combase.dll
0x00007ffd33150000 - 0x00007ffd33227000 	C:\WINDOWS\System32\OLEAUT32.dll
0x00007ffd0fdb0000 - 0x00007ffd0fdeb000 	C:\WINDOWS\SYSTEM32\dbgcore.DLL
0x00007ffd31900000 - 0x00007ffd319a5000 	C:\WINDOWS\System32\bcryptPrimitives.dll
0x00007ffc58150000 - 0x00007ffc58171000 	C:\Program Files\Android\openjdk\jdk-21.0.8\bin\java.dll

JVMTI agents: none

dbghelp: loaded successfully - version: 4.0.5 - missing functions: none
symbol engine: initialized successfully - sym options: 0x614 - pdb path: .;C:\Program Files\Android\openjdk\jdk-21.0.8\bin;C:\WINDOWS\SYSTEM32;C:\WINDOWS\WinSxS\amd64_microsoft.windows.common-controls_6595b64144ccf1df_6.0.26100.8037_none_3e092faae333b53b;C:\Program Files\Android\openjdk\jdk-21.0.8\bin\server

VM Arguments:
java_command: com.xamarin.manifestmerger.Main obj\Debug\net10.0-android\android\manifestmerger.rsp
java_class_path (initial): C:\Program Files\dotnet\packs\Microsoft.Android.Sdk.Windows\36.1.43\tools\manifestmerger.jar
Launcher Type: SUN_STANDARD

[Global flags]
     intx CICompilerCount                          = 4                                         {product} {ergonomic}
     uint ConcGCThreads                            = 3                                         {product} {ergonomic}
     uint G1ConcRefinementThreads                  = 10                                        {product} {ergonomic}
   size_t G1HeapRegionSize                         = 1048576                                   {product} {ergonomic}
    uintx GCDrainStackTargetSize                   = 64                                        {product} {ergonomic}
   size_t InitialHeapSize                          = 130023424                                 {product} {ergonomic}
   size_t MarkStackSize                            = 4194304                                   {product} {ergonomic}
   size_t MaxHeapSize                              = 2065694720                                {product} {ergonomic}
   size_t MinHeapDeltaBytes                        = 1048576                                   {product} {ergonomic}
   size_t MinHeapSize                              = 8388608                                   {product} {ergonomic}
    uintx NonNMethodCodeHeapSize                   = 5839372                                {pd product} {ergonomic}
    uintx NonProfiledCodeHeapSize                  = 122909434                              {pd product} {ergonomic}
    uintx ProfiledCodeHeapSize                     = 122909434                              {pd product} {ergonomic}
    uintx ReservedCodeCacheSize                    = 251658240                              {pd product} {ergonomic}
     bool SegmentedCodeCache                       = true                                      {product} {ergonomic}
   size_t SoftMaxHeapSize                          = 2065694720                             {manageable} {ergonomic}
     bool UseCompressedOops                        = true                           {product lp64_product} {ergonomic}
     bool UseG1GC                                  = true                                      {product} {ergonomic}
     bool UseLargePagesIndividualAllocation        = false                                  {pd product} {ergonomic}

Logging:
Log output configuration:
 #0: stdout all=warning uptime,level,tags foldmultilines=false
 #1: stderr all=off uptime,level,tags foldmultilines=false

Environment Variables:
PATH=C:\Program Files\Android\openjdk\jdk-21.0.8\bin;C:\Users\Suchithra R\bin;C:\Program Files\Git\mingw64\bin;C:\Program Files\Git\usr\local\bin;C:\Program Files\Git\usr\bin;C:\Program Files\Git\usr\bin;C:\Program Files\Git\mingw64\bin;C:\Program Files\Git\usr\bin;C:\Users\Suchithra R\bin;C:\Users\Suchithra R\AppData\Local\Programs\Microsoft VS Code;C:\Program Files\Common Files\Oracle\Java\javapath;C:\Program Files (x86)\Common Files\Oracle\Java\java8path;C:\Program Files (x86)\Common Files\Oracle\Java\javapath;C:\WINDOWS\system32;C:\WINDOWS;C:\WINDOWS\System32\Wbem;C:\WINDOWS\System32\WindowsPowerShell\v1.0;C:\WINDOWS\System32\OpenSSH;C:\Program Files\dotnet;C:\Program Files\Java\jdk-23\bin;C:\Program Files (x86)\Microsoft SQL Server\160\Tools\Binn;C:\Program Files\Microsoft SQL Server\160\Tools\Binn;C:\Program Files\Microsoft SQL Server\Client SDK\ODBC\170\Tools\Binn;C:\Program Files\Microsoft SQL Server\160\DTS\Binn;C:\Users\Suchithra R\Downloads\apache-maven-3.9.11-bin (1)\apache-maven-3.9.11\bin;C:\Program Files\Git\cmd;%NVM_HOME%;%NVM_SYMLINK%;C:\Program Files\nodejs;C:\Program Files\Microsoft SQL Server\170\Tools\Binn;C:\Users\Suchithra R\AppData\Local\Programs\Python\Python313\Scripts;C:\Users\Suchithra R\AppData\Local\Programs\Python\Python313;C:\Users\Suchithra R\AppData\Local\Microsoft\WindowsApps;C:\Users\Suchithra R\AppData\Local\Programs\Microsoft VS Code\bin;C:\Users\Suchithra R\AppData\Local\GitHubDesktop\bin;C:\Users\Suchithra R\AppData\Local\nvm;C:\nvm4w\nodejs;C:\Users\Suchithra R\AppData\Roaming\npm;C:\Users\Suchithra R\AppData\Local\Programs\Antigravity\bin;C:\Users\Suchithra R\.dotnet\tools;C:\Program Files\Git\usr\bin\vendor_perl;C:\Program Files\Git\usr\bin\core_perl
USERNAME=Suchithra R
SHELL=C:\Program Files\Git\bin\bash.exe
TERM=xterm-256color
OS=Windows_NT
PROCESSOR_IDENTIFIER=Intel64 Family 6 Model 186 Stepping 3, GenuineIntel
TMP=C:\Users\SUCHIT~1\AppData\Local\Temp
TEMP=C:\Users\SUCHIT~1\AppData\Local\Temp




Periodic native trim disabled

---------------  S Y S T E M  ---------------

OS:
 Windows 11 , 64 bit Build 26100 (10.0.26100.7920)
OS uptime: 2 days 3:28 hours
Hyper-V role detected

CPU: total 12 (initial active 12) (6 cores per cpu, 2 threads per core) family 6 model 186 stepping 3 microcode 0x4128, cx8, cmov, fxsr, ht, mmx, 3dnowpref, sse, sse2, sse3, ssse3, sse4.1, sse4.2, popcnt, lzcnt, tsc, tscinvbit, avx, avx2, aes, erms, clmul, bmi1, bmi2, adx, sha, fma, vzeroupper, clflush, clflushopt, clwb, hv, serialize, rdtscp, rdpid, fsrm, f16c, cet_ibt, cet_ss
Processor Information for the first 12 processors :
  Max Mhz: 1300, Current Mhz: 1300, Mhz Limit: 1300

Memory: 4k page, system-wide physical 7876M (69M free)
TotalPageFile size 32452M (AvailPageFile size 120M)
current process WorkingSet (physical memory assigned to process): 13M, peak: 13M
current process commit charge ("private bytes"): 64M, peak: 188M

vm_info: OpenJDK 64-Bit Server VM (21.0.8+9-LTS) for windows-amd64 JRE (21.0.8+9-LTS), built on 2025-07-10T20:22:44Z by "MicrosoftCorporation" with unknown MS VC++:1944

END.
